#
# There is insufficient memory for the Java Runtime Environment to continue.
# Native memory allocation (malloc) failed to allocate 1388976 bytes for Chunk::new
# Possible reasons:
#   The system is out of physical RAM or swap space
#   The process is running with CompressedOops enabled, and the Java Heap may be blocking the growth of the native heap
# Possible solutions:
#   Reduce memory load on the system
#   Increase physical memory or swap space
#   Check if swap backing store is full
#   Decrease Java heap size (-Xmx/-Xms)
#   Decrease number of Java threads
#   Decrease Java thread stack sizes (-Xss)
#   Set larger code cache with -XX:ReservedCodeCacheSize=
#   JVM is running with Unscaled Compressed Oops mode in which the Java heap is
#     placed in the first 4GB address space. The Java Heap base address is the
#     maximum limit for the native heap growth. Please use -XX:HeapBaseMinAddress
#     to set the Java Heap base and to place the Java Heap above 4GB virtual address.
# This output file may be truncated or incomplete.
#
#  Out of Memory Error (src/hotspot/share/memory/arena.cpp:197), pid=33764, tid=31396
#
# JRE version: OpenJDK Runtime Environment (11.0.15) (build 11.0.15+0-b2043.56-9505619)
# Java VM: OpenJDK 64-Bit Server VM (11.0.15+0-b2043.56-9505619, mixed mode, tiered, compressed oops, g1 gc, windows-amd64)
# No core dump will be written. Minidumps are not enabled by default on client versions of Windows
#

---------------  S U M M A R Y ------------

Command Line: --add-opens=java.base/java.util=ALL-UNNAMED --add-opens=java.base/java.lang=ALL-UNNAMED --add-opens=java.base/java.lang.invoke=ALL-UNNAMED --add-opens=java.base/java.util=ALL-UNNAMED --add-opens=java.prefs/java.util.prefs=ALL-UNNAMED --add-opens=java.prefs/java.util.prefs=ALL-UNNAMED --add-opens=java.base/java.nio.charset=ALL-UNNAMED --add-opens=java.base/java.net=ALL-UNNAMED --add-opens=java.base/java.util.concurrent.atomic=ALL-UNNAMED -Xmx2048m -Dfile.encoding=UTF-8 -Duser.country=BE -Duser.language=fr -Duser.variant org.gradle.launcher.daemon.bootstrap.GradleDaemon 7.5

Host: Intel(R) Core(TM) i5-8265U CPU @ 1.60GHz, 8 cores, 15G,  Windows 11 , 64 bit Build 22000 (10.0.22000.1516)
Time: Wed Mar 22 23:49:34 2023 Paris, Madrid elapsed time: 97.726196 seconds (0d 0h 1m 37s)

---------------  T H R E A D  ---------------

Current thread (0x0000019dad6a5000):  JavaThread "C2 CompilerThread0" daemon [_thread_in_native, id=31396, stack(0x0000000b3c500000,0x0000000b3c600000)]


Current CompileTask:
C2:  97726 6714       4       groovy.lang.MetaClassImpl$1MOPIter::methodNameAction (325 bytes)

Stack: [0x0000000b3c500000,0x0000000b3c600000]
Native frames: (J=compiled Java code, j=interpreted, Vv=VM code, C=native code)
V  [jvm.dll+0x64135a]
V  [jvm.dll+0x7d39f9]
V  [jvm.dll+0x7d51b9]
V  [jvm.dll+0x7d58a3]
V  [jvm.dll+0x2691c5]
V  [jvm.dll+0xc1a5c]
V  [jvm.dll+0xc200c]
V  [jvm.dll+0x3774a7]
V  [jvm.dll+0x1b3914]
V  [jvm.dll+0x22163e]
V  [jvm.dll+0x220498]
V  [jvm.dll+0x19e851]
V  [jvm.dll+0x230479]
V  [jvm.dll+0x22e5ef]
V  [jvm.dll+0x794de1]
V  [jvm.dll+0x78dc24]
V  [jvm.dll+0x6400f6]
C  [ucrtbase.dll+0x26c0c]
C  [KERNEL32.DLL+0x155a0]
C  [ntdll.dll+0x485b]


---------------  P R O C E S S  ---------------

Threads class SMR info:
_java_thread_list=0x0000019db2f40850, length=123, elements={
0x0000019d9290a000, 0x0000019dad631800, 0x0000019dad63a800, 0x0000019dad692800,
0x0000019dad695800, 0x0000019dad69b000, 0x0000019dad6a5000, 0x0000019dad6aa800,
0x0000019dad6b2000, 0x0000019dad814800, 0x0000019db0126800, 0x0000019daefae800,
0x0000019daf744800, 0x0000019dae877000, 0x0000019dae40a800, 0x0000019daf13e000,
0x0000019daf0de000, 0x0000019dae420800, 0x0000019db013a000, 0x0000019db013b000,
0x0000019db041b000, 0x0000019db0419000, 0x0000019db041e000, 0x0000019db041f000,
0x0000019db041c800, 0x0000019db041b800, 0x0000019db041d800, 0x0000019db0420000,
0x0000019db041a000, 0x0000019dafd06800, 0x0000019dafd06000, 0x0000019dafd02000,
0x0000019dafd07800, 0x0000019dafd0f000, 0x0000019dafd0f800, 0x0000019dafd0d800,
0x0000019dafd0a000, 0x0000019dafd0c800, 0x0000019dafd0e000, 0x0000019dafd10800,
0x0000019dafd0b000, 0x0000019daf7be000, 0x0000019daf7ba800, 0x0000019daf7bd000,
0x0000019daf7b8000, 0x0000019daf7bb800, 0x0000019daf7be800, 0x0000019daf7bc800,
0x0000019daf7b9000, 0x0000019daf7ba000, 0x0000019daf7c1000, 0x0000019daf7bf800,
0x0000019daf7c2000, 0x0000019daf7c6000, 0x0000019daf7c0800, 0x0000019daf7c3000,
0x0000019daf7c5800, 0x0000019daf7c7000, 0x0000019daf7c3800, 0x0000019daf7c4800,
0x0000019db0275800, 0x0000019db0274000, 0x0000019db0279800, 0x0000019db027a800,
0x0000019db0277800, 0x0000019db0275000, 0x0000019db027b800, 0x0000019db027c000,
0x0000019db0276800, 0x0000019db027d000, 0x0000019db0279000, 0x0000019db027e000,
0x0000019db0278000, 0x0000019db0282000, 0x0000019db027f800, 0x0000019db0280800,
0x0000019db0281000, 0x0000019db0282800, 0x0000019db027e800, 0x0000019db2d17800,
0x0000019db2d13800, 0x0000019db2d15000, 0x0000019db2d14800, 0x0000019db2d12800,
0x0000019db2d16000, 0x0000019db2d16800, 0x0000019db2d12000, 0x0000019db2d18800,
0x0000019db2d19000, 0x0000019db2d1a000, 0x0000019db2d1f000, 0x0000019db2d1d800,
0x0000019db2d1b800, 0x0000019db2d1f800, 0x0000019db2d1c800, 0x0000019db2d20800,
0x0000019db2d1b000, 0x0000019db2d1e000, 0x0000019db2b6b000, 0x0000019db2b6a000,
0x0000019db2b6c000, 0x0000019db2b6e000, 0x0000019db2b6c800, 0x0000019db2b69800,
0x0000019db2b70800, 0x0000019db2b6d800, 0x0000019db2b75000, 0x0000019db2b6f000,
0x0000019db2b71800, 0x0000019db2b70000, 0x0000019db2b74000, 0x0000019db2b77000,
0x0000019db2b78000, 0x0000019db2b72800, 0x0000019db2b73000, 0x0000019db2b75800,
0x0000019db2b76800, 0x0000019db314f000, 0x0000019db314a800, 0x0000019db314f800,
0x0000019db314c800, 0x0000019db314d000, 0x0000019db314e000
}

Java Threads: ( => current thread )
  0x0000019d9290a000 JavaThread "main" [_thread_blocked, id=14052, stack(0x0000000b3b900000,0x0000000b3ba00000)]
  0x0000019dad631800 JavaThread "Reference Handler" daemon [_thread_blocked, id=20192, stack(0x0000000b3c000000,0x0000000b3c100000)]
  0x0000019dad63a800 JavaThread "Finalizer" daemon [_thread_blocked, id=29188, stack(0x0000000b3c100000,0x0000000b3c200000)]
  0x0000019dad692800 JavaThread "Signal Dispatcher" daemon [_thread_blocked, id=29660, stack(0x0000000b3c200000,0x0000000b3c300000)]
  0x0000019dad695800 JavaThread "Attach Listener" daemon [_thread_blocked, id=26396, stack(0x0000000b3c300000,0x0000000b3c400000)]
  0x0000019dad69b000 JavaThread "Service Thread" daemon [_thread_blocked, id=28636, stack(0x0000000b3c400000,0x0000000b3c500000)]
=>0x0000019dad6a5000 JavaThread "C2 CompilerThread0" daemon [_thread_in_native, id=31396, stack(0x0000000b3c500000,0x0000000b3c600000)]
  0x0000019dad6aa800 JavaThread "C1 CompilerThread0" daemon [_thread_in_native, id=30976, stack(0x0000000b3c600000,0x0000000b3c700000)]
  0x0000019dad6b2000 JavaThread "Sweeper thread" daemon [_thread_blocked, id=24852, stack(0x0000000b3c700000,0x0000000b3c800000)]
  0x0000019dad814800 JavaThread "Common-Cleaner" daemon [_thread_blocked, id=21320, stack(0x0000000b3c800000,0x0000000b3c900000)]
  0x0000019db0126800 JavaThread "Daemon health stats" [_thread_blocked, id=22324, stack(0x0000000b3b700000,0x0000000b3b800000)]
  0x0000019daefae800 JavaThread "Incoming local TCP Connector on port 50008" [_thread_in_native, id=30136, stack(0x0000000b3b600000,0x0000000b3b700000)]
  0x0000019daf744800 JavaThread "Daemon periodic checks" [_thread_blocked, id=18064, stack(0x0000000b3ca00000,0x0000000b3cb00000)]
  0x0000019dae877000 JavaThread "Daemon" [_thread_blocked, id=1172, stack(0x0000000b3d000000,0x0000000b3d100000)]
  0x0000019dae40a800 JavaThread "Handler for socket connection from /127.0.0.1:50008 to /127.0.0.1:50009" [_thread_in_native, id=28100, stack(0x0000000b3d100000,0x0000000b3d200000)]
  0x0000019daf13e000 JavaThread "Cancel handler" [_thread_blocked, id=18384, stack(0x0000000b3d200000,0x0000000b3d300000)]
  0x0000019daf0de000 JavaThread "Daemon worker" [_thread_in_Java, id=16292, stack(0x0000000b3d300000,0x0000000b3d400000)]
  0x0000019dae420800 JavaThread "Asynchronous log dispatcher for DefaultDaemonConnection: socket connection from /127.0.0.1:50008 to /127.0.0.1:50009" [_thread_blocked, id=25832, stack(0x0000000b3d400000,0x0000000b3d500000)]
  0x0000019db013a000 JavaThread "Stdin handler" [_thread_blocked, id=12552, stack(0x0000000b3d500000,0x0000000b3d600000)]
  0x0000019db013b000 JavaThread "Daemon client event forwarder" [_thread_blocked, id=17588, stack(0x0000000b3d600000,0x0000000b3d700000)]
  0x0000019db041b000 JavaThread "Cache worker for journal cache (C:\Users\sowmi\.gradle\caches\journal-1)" [_thread_blocked, id=29256, stack(0x0000000b3d700000,0x0000000b3d800000)]
  0x0000019db0419000 JavaThread "File lock request listener" [_thread_in_native, id=1500, stack(0x0000000b3d800000,0x0000000b3d900000)]
  0x0000019db041e000 JavaThread "Cache worker for file hash cache (C:\Users\sowmi\.gradle\caches\7.5\fileHashes)" [_thread_blocked, id=31152, stack(0x0000000b3dc00000,0x0000000b3dd00000)]
  0x0000019db041f000 JavaThread "File watcher server" daemon [_thread_in_native, id=33044, stack(0x0000000b3dd00000,0x0000000b3de00000)]
  0x0000019db041c800 JavaThread "File watcher consumer" daemon [_thread_blocked, id=27604, stack(0x0000000b3de00000,0x0000000b3df00000)]
  0x0000019db041b800 JavaThread "Cache worker for checksums cache (D:\Users\sowmi\AndroidStudioProjects\MyApplication2\.gradle\7.5\checksums)" [_thread_blocked, id=29824, stack(0x0000000b3df00000,0x0000000b3e000000)]
  0x0000019db041d800 JavaThread "Cache worker for cache directory md-rule (C:\Users\sowmi\.gradle\caches\7.5\md-rule)" [_thread_blocked, id=22508, stack(0x0000000b3e000000,0x0000000b3e100000)]
  0x0000019db0420000 JavaThread "Cache worker for file content cache (C:\Users\sowmi\.gradle\caches\7.5\fileContent)" [_thread_blocked, id=30608, stack(0x0000000b3e100000,0x0000000b3e200000)]
  0x0000019db041a000 JavaThread "Cache worker for file hash cache (D:\Users\sowmi\AndroidStudioProjects\MyApplication2\.gradle\7.5\fileHashes)" [_thread_blocked, id=1480, stack(0x0000000b3e200000,0x0000000b3e300000)]
  0x0000019dafd06800 JavaThread "Cache worker for cache directory md-supplier (C:\Users\sowmi\.gradle\caches\7.5\md-supplier)" [_thread_blocked, id=12152, stack(0x0000000b3e300000,0x0000000b3e400000)]
  0x0000019dafd06000 JavaThread "Cache worker for execution history cache (C:\Users\sowmi\.gradle\caches\7.5\executionHistory)" [_thread_blocked, id=25044, stack(0x0000000b3e400000,0x0000000b3e500000)]
  0x0000019dafd02000 JavaThread "jar transforms" [_thread_blocked, id=23200, stack(0x0000000b3e500000,0x0000000b3e600000)]
  0x0000019dafd07800 JavaThread "jar transforms Thread 2" [_thread_blocked, id=30896, stack(0x0000000b3e600000,0x0000000b3e700000)]
  0x0000019dafd0f000 JavaThread "jar transforms Thread 3" [_thread_blocked, id=21156, stack(0x0000000b3e700000,0x0000000b3e800000)]
  0x0000019dafd0f800 JavaThread "jar transforms Thread 4" [_thread_blocked, id=31336, stack(0x0000000b3e800000,0x0000000b3e900000)]
  0x0000019dafd0d800 JavaThread "Cache worker for dependencies-accessors (D:\Users\sowmi\AndroidStudioProjects\MyApplication2\.gradle\7.5\dependencies-accessors)" [_thread_blocked, id=32564, stack(0x0000000b3e900000,0x0000000b3ea00000)]
  0x0000019dafd0a000 JavaThread "jar transforms Thread 5" [_thread_blocked, id=5808, stack(0x0000000b3ea00000,0x0000000b3eb00000)]
  0x0000019dafd0c800 JavaThread "Cache worker for Build Output Cleanup Cache (D:\Users\sowmi\AndroidStudioProjects\MyApplication2\.gradle\buildOutputCleanup)" [_thread_blocked, id=18948, stack(0x0000000b3eb00000,0x0000000b3ec00000)]
  0x0000019dafd0e000 JavaThread "Unconstrained build operations" [_thread_blocked, id=18840, stack(0x0000000b3ec00000,0x0000000b3ed00000)]
  0x0000019dafd10800 JavaThread "Unconstrained build operations Thread 2" [_thread_blocked, id=22344, stack(0x0000000b3ed00000,0x0000000b3ee00000)]
  0x0000019dafd0b000 JavaThread "Unconstrained build operations Thread 3" [_thread_blocked, id=31636, stack(0x0000000b3ee00000,0x0000000b3ef00000)]
  0x0000019daf7be000 JavaThread "Unconstrained build operations Thread 4" [_thread_blocked, id=15160, stack(0x0000000b3ef00000,0x0000000b3f000000)]
  0x0000019daf7ba800 JavaThread "Unconstrained build operations Thread 5" [_thread_blocked, id=28720, stack(0x0000000b3f000000,0x0000000b3f100000)]
  0x0000019daf7bd000 JavaThread "Unconstrained build operations Thread 6" [_thread_blocked, id=21420, stack(0x0000000b3f100000,0x0000000b3f200000)]
  0x0000019daf7b8000 JavaThread "Unconstrained build operations Thread 7" [_thread_blocked, id=19824, stack(0x0000000b3f200000,0x0000000b3f300000)]
  0x0000019daf7bb800 JavaThread "Unconstrained build operations Thread 8" [_thread_blocked, id=30812, stack(0x0000000b3f300000,0x0000000b3f400000)]
  0x0000019daf7be800 JavaThread "Unconstrained build operations Thread 9" [_thread_blocked, id=13044, stack(0x0000000b3f400000,0x0000000b3f500000)]
  0x0000019daf7bc800 JavaThread "Unconstrained build operations Thread 10" [_thread_blocked, id=14776, stack(0x0000000b3f500000,0x0000000b3f600000)]
  0x0000019daf7b9000 JavaThread "Unconstrained build operations Thread 11" [_thread_blocked, id=29880, stack(0x0000000b3f600000,0x0000000b3f700000)]
  0x0000019daf7ba000 JavaThread "Unconstrained build operations Thread 12" [_thread_blocked, id=31376, stack(0x0000000b3f700000,0x0000000b3f800000)]
  0x0000019daf7c1000 JavaThread "Unconstrained build operations Thread 13" [_thread_blocked, id=13496, stack(0x0000000b3f800000,0x0000000b3f900000)]
  0x0000019daf7bf800 JavaThread "Unconstrained build operations Thread 14" [_thread_blocked, id=25504, stack(0x0000000b3f900000,0x0000000b3fa00000)]
  0x0000019daf7c2000 JavaThread "Unconstrained build operations Thread 15" [_thread_blocked, id=14436, stack(0x0000000b3fa00000,0x0000000b3fb00000)]
  0x0000019daf7c6000 JavaThread "Unconstrained build operations Thread 16" [_thread_blocked, id=18112, stack(0x0000000b3fb00000,0x0000000b3fc00000)]
  0x0000019daf7c0800 JavaThread "Unconstrained build operations Thread 17" [_thread_blocked, id=10396, stack(0x0000000b3fc00000,0x0000000b3fd00000)]
  0x0000019daf7c3000 JavaThread "Unconstrained build operations Thread 18" [_thread_blocked, id=4456, stack(0x0000000b3fd00000,0x0000000b3fe00000)]
  0x0000019daf7c5800 JavaThread "Unconstrained build operations Thread 19" [_thread_blocked, id=10864, stack(0x0000000b3fe00000,0x0000000b3ff00000)]
  0x0000019daf7c7000 JavaThread "Unconstrained build operations Thread 20" [_thread_blocked, id=9480, stack(0x0000000b3ff00000,0x0000000b40000000)]
  0x0000019daf7c3800 JavaThread "Unconstrained build operations Thread 21" [_thread_blocked, id=25164, stack(0x0000000b40000000,0x0000000b40100000)]
  0x0000019daf7c4800 JavaThread "Unconstrained build operations Thread 22" [_thread_blocked, id=26124, stack(0x0000000b40100000,0x0000000b40200000)]
  0x0000019db0275800 JavaThread "Unconstrained build operations Thread 23" [_thread_blocked, id=31888, stack(0x0000000b40200000,0x0000000b40300000)]
  0x0000019db0274000 JavaThread "Unconstrained build operations Thread 24" [_thread_blocked, id=31456, stack(0x0000000b40300000,0x0000000b40400000)]
  0x0000019db0279800 JavaThread "Unconstrained build operations Thread 25" [_thread_blocked, id=14288, stack(0x0000000b40400000,0x0000000b40500000)]
  0x0000019db027a800 JavaThread "Unconstrained build operations Thread 26" [_thread_blocked, id=9500, stack(0x0000000b40500000,0x0000000b40600000)]
  0x0000019db0277800 JavaThread "Unconstrained build operations Thread 27" [_thread_blocked, id=27636, stack(0x0000000b40600000,0x0000000b40700000)]
  0x0000019db0275000 JavaThread "Unconstrained build operations Thread 28" [_thread_blocked, id=10176, stack(0x0000000b40700000,0x0000000b40800000)]
  0x0000019db027b800 JavaThread "Unconstrained build operations Thread 29" [_thread_blocked, id=19248, stack(0x0000000b40800000,0x0000000b40900000)]
  0x0000019db027c000 JavaThread "Unconstrained build operations Thread 30" [_thread_blocked, id=27728, stack(0x0000000b40900000,0x0000000b40a00000)]
  0x0000019db0276800 JavaThread "Unconstrained build operations Thread 31" [_thread_blocked, id=15808, stack(0x0000000b40a00000,0x0000000b40b00000)]
  0x0000019db027d000 JavaThread "Unconstrained build operations Thread 32" [_thread_blocked, id=33660, stack(0x0000000b40b00000,0x0000000b40c00000)]
  0x0000019db0279000 JavaThread "Unconstrained build operations Thread 33" [_thread_blocked, id=28860, stack(0x0000000b40c00000,0x0000000b40d00000)]
  0x0000019db027e000 JavaThread "Unconstrained build operations Thread 34" [_thread_blocked, id=30092, stack(0x0000000b40d00000,0x0000000b40e00000)]
  0x0000019db0278000 JavaThread "Unconstrained build operations Thread 35" [_thread_blocked, id=15280, stack(0x0000000b40e00000,0x0000000b40f00000)]
  0x0000019db0282000 JavaThread "Unconstrained build operations Thread 36" [_thread_blocked, id=9292, stack(0x0000000b40f00000,0x0000000b41000000)]
  0x0000019db027f800 JavaThread "Unconstrained build operations Thread 37" [_thread_blocked, id=26528, stack(0x0000000b41000000,0x0000000b41100000)]
  0x0000019db0280800 JavaThread "Unconstrained build operations Thread 38" [_thread_blocked, id=4468, stack(0x0000000b41100000,0x0000000b41200000)]
  0x0000019db0281000 JavaThread "Unconstrained build operations Thread 39" [_thread_blocked, id=21192, stack(0x0000000b41200000,0x0000000b41300000)]
  0x0000019db0282800 JavaThread "Unconstrained build operations Thread 40" [_thread_blocked, id=17248, stack(0x0000000b41300000,0x0000000b41400000)]
  0x0000019db027e800 JavaThread "Unconstrained build operations Thread 41" [_thread_blocked, id=32296, stack(0x0000000b41400000,0x0000000b41500000)]
  0x0000019db2d17800 JavaThread "Unconstrained build operations Thread 42" [_thread_blocked, id=10980, stack(0x0000000b41500000,0x0000000b41600000)]
  0x0000019db2d13800 JavaThread "Unconstrained build operations Thread 43" [_thread_blocked, id=4500, stack(0x0000000b41600000,0x0000000b41700000)]
  0x0000019db2d15000 JavaThread "Unconstrained build operations Thread 44" [_thread_blocked, id=28280, stack(0x0000000b41700000,0x0000000b41800000)]
  0x0000019db2d14800 JavaThread "Unconstrained build operations Thread 45" [_thread_blocked, id=20092, stack(0x0000000b41800000,0x0000000b41900000)]
  0x0000019db2d12800 JavaThread "Unconstrained build operations Thread 46" [_thread_blocked, id=29784, stack(0x0000000b41900000,0x0000000b41a00000)]
  0x0000019db2d16000 JavaThread "Unconstrained build operations Thread 47" [_thread_blocked, id=5292, stack(0x0000000b41a00000,0x0000000b41b00000)]
  0x0000019db2d16800 JavaThread "Unconstrained build operations Thread 48" [_thread_blocked, id=14688, stack(0x0000000b41b00000,0x0000000b41c00000)]
  0x0000019db2d12000 JavaThread "Unconstrained build operations Thread 49" [_thread_blocked, id=29344, stack(0x0000000b41c00000,0x0000000b41d00000)]
  0x0000019db2d18800 JavaThread "Unconstrained build operations Thread 50" [_thread_blocked, id=11368, stack(0x0000000b41d00000,0x0000000b41e00000)]
  0x0000019db2d19000 JavaThread "Unconstrained build operations Thread 51" [_thread_blocked, id=23612, stack(0x0000000b41e00000,0x0000000b41f00000)]
  0x0000019db2d1a000 JavaThread "Unconstrained build operations Thread 52" [_thread_blocked, id=19072, stack(0x0000000b41f00000,0x0000000b42000000)]
  0x0000019db2d1f000 JavaThread "Unconstrained build operations Thread 53" [_thread_blocked, id=16284, stack(0x0000000b42000000,0x0000000b42100000)]
  0x0000019db2d1d800 JavaThread "Unconstrained build operations Thread 54" [_thread_blocked, id=15172, stack(0x0000000b42100000,0x0000000b42200000)]
  0x0000019db2d1b800 JavaThread "Unconstrained build operations Thread 55" [_thread_blocked, id=29628, stack(0x0000000b42200000,0x0000000b42300000)]
  0x0000019db2d1f800 JavaThread "Unconstrained build operations Thread 56" [_thread_blocked, id=4892, stack(0x0000000b42300000,0x0000000b42400000)]
  0x0000019db2d1c800 JavaThread "Unconstrained build operations Thread 57" [_thread_blocked, id=33604, stack(0x0000000b42400000,0x0000000b42500000)]
  0x0000019db2d20800 JavaThread "Unconstrained build operations Thread 58" [_thread_blocked, id=3124, stack(0x0000000b42500000,0x0000000b42600000)]
  0x0000019db2d1b000 JavaThread "Unconstrained build operations Thread 59" [_thread_blocked, id=8084, stack(0x0000000b42600000,0x0000000b42700000)]
  0x0000019db2d1e000 JavaThread "Unconstrained build operations Thread 60" [_thread_blocked, id=20636, stack(0x0000000b42700000,0x0000000b42800000)]
  0x0000019db2b6b000 JavaThread "Unconstrained build operations Thread 61" [_thread_blocked, id=16456, stack(0x0000000b42800000,0x0000000b42900000)]
  0x0000019db2b6a000 JavaThread "Unconstrained build operations Thread 62" [_thread_blocked, id=24032, stack(0x0000000b42900000,0x0000000b42a00000)]
  0x0000019db2b6c000 JavaThread "Unconstrained build operations Thread 63" [_thread_blocked, id=28840, stack(0x0000000b42a00000,0x0000000b42b00000)]
  0x0000019db2b6e000 JavaThread "Unconstrained build operations Thread 64" [_thread_blocked, id=22596, stack(0x0000000b42b00000,0x0000000b42c00000)]
  0x0000019db2b6c800 JavaThread "Unconstrained build operations Thread 65" [_thread_blocked, id=20588, stack(0x0000000b42c00000,0x0000000b42d00000)]
  0x0000019db2b69800 JavaThread "Unconstrained build operations Thread 66" [_thread_blocked, id=16592, stack(0x0000000b42d00000,0x0000000b42e00000)]
  0x0000019db2b70800 JavaThread "Unconstrained build operations Thread 67" [_thread_blocked, id=1532, stack(0x0000000b42e00000,0x0000000b42f00000)]
  0x0000019db2b6d800 JavaThread "Unconstrained build operations Thread 68" [_thread_blocked, id=30700, stack(0x0000000b42f00000,0x0000000b43000000)]
  0x0000019db2b75000 JavaThread "Unconstrained build operations Thread 69" [_thread_blocked, id=28680, stack(0x0000000b43000000,0x0000000b43100000)]
  0x0000019db2b6f000 JavaThread "Unconstrained build operations Thread 70" [_thread_blocked, id=24116, stack(0x0000000b43100000,0x0000000b43200000)]
  0x0000019db2b71800 JavaThread "Unconstrained build operations Thread 71" [_thread_blocked, id=13500, stack(0x0000000b43200000,0x0000000b43300000)]
  0x0000019db2b70000 JavaThread "Unconstrained build operations Thread 72" [_thread_blocked, id=29992, stack(0x0000000b43300000,0x0000000b43400000)]
  0x0000019db2b74000 JavaThread "Unconstrained build operations Thread 73" [_thread_blocked, id=19668, stack(0x0000000b43400000,0x0000000b43500000)]
  0x0000019db2b77000 JavaThread "Unconstrained build operations Thread 74" [_thread_blocked, id=28244, stack(0x0000000b43500000,0x0000000b43600000)]
  0x0000019db2b78000 JavaThread "Unconstrained build operations Thread 75" [_thread_blocked, id=24404, stack(0x0000000b43600000,0x0000000b43700000)]
  0x0000019db2b72800 JavaThread "Unconstrained build operations Thread 76" [_thread_blocked, id=29060, stack(0x0000000b43700000,0x0000000b43800000)]
  0x0000019db2b73000 JavaThread "Unconstrained build operations Thread 77" [_thread_blocked, id=30100, stack(0x0000000b43800000,0x0000000b43900000)]
  0x0000019db2b75800 JavaThread "Unconstrained build operations Thread 78" [_thread_blocked, id=19936, stack(0x0000000b43900000,0x0000000b43a00000)]
  0x0000019db2b76800 JavaThread "Unconstrained build operations Thread 79" [_thread_blocked, id=3440, stack(0x0000000b43a00000,0x0000000b43b00000)]
  0x0000019db314f000 JavaThread "Unconstrained build operations Thread 80" [_thread_blocked, id=1312, stack(0x0000000b43b00000,0x0000000b43c00000)]
  0x0000019db314a800 JavaThread "jar transforms Thread 6" [_thread_blocked, id=25616, stack(0x0000000b43c00000,0x0000000b43d00000)]
  0x0000019db314f800 JavaThread "jar transforms Thread 7" [_thread_blocked, id=30352, stack(0x0000000b43d00000,0x0000000b43e00000)]
  0x0000019db314c800 JavaThread "jar transforms Thread 8" [_thread_blocked, id=32396, stack(0x0000000b43e00000,0x0000000b43f00000)]
  0x0000019db314d000 JavaThread "build event listener" [_thread_blocked, id=25256, stack(0x0000000b44100000,0x0000000b44200000)]
  0x0000019db314e000 JavaThread "Memory manager" [_thread_blocked, id=11840, stack(0x0000000b44200000,0x0000000b44300000)]

Other Threads:
  0x0000019dad62d800 VMThread "VM Thread" [stack: 0x0000000b3bf00000,0x0000000b3c000000] [id=14096]
  0x0000019dad83c000 WatcherThread [stack: 0x0000000b3c900000,0x0000000b3ca00000] [id=12292]
  0x0000019d92925000 GCTaskThread "GC Thread#0" [stack: 0x0000000b3ba00000,0x0000000b3bb00000] [id=10188]
  0x0000019dae5d5000 GCTaskThread "GC Thread#1" [stack: 0x0000000b3cb00000,0x0000000b3cc00000] [id=29052]
  0x0000019dae935800 GCTaskThread "GC Thread#2" [stack: 0x0000000b3cc00000,0x0000000b3cd00000] [id=20640]
  0x0000019dae5d6000 GCTaskThread "GC Thread#3" [stack: 0x0000000b3cd00000,0x0000000b3ce00000] [id=30152]
  0x0000019dae9ed000 GCTaskThread "GC Thread#4" [stack: 0x0000000b3ce00000,0x0000000b3cf00000] [id=22360]
  0x0000019dae8cf000 GCTaskThread "GC Thread#5" [stack: 0x0000000b3cf00000,0x0000000b3d000000] [id=30116]
  0x0000019db03fc800 GCTaskThread "GC Thread#6" [stack: 0x0000000b3d900000,0x0000000b3da00000] [id=17976]
  0x0000019db0410800 GCTaskThread "GC Thread#7" [stack: 0x0000000b3da00000,0x0000000b3db00000] [id=6604]
  0x0000019d92957800 ConcurrentGCThread "G1 Main Marker" [stack: 0x0000000b3bb00000,0x0000000b3bc00000] [id=19616]
  0x0000019d92959800 ConcurrentGCThread "G1 Conc#0" [stack: 0x0000000b3bc00000,0x0000000b3bd00000] [id=11400]
  0x0000019daddd9800 ConcurrentGCThread "G1 Conc#1" [stack: 0x0000000b3db00000,0x0000000b3dc00000] [id=30960]
  0x0000019d929de000 ConcurrentGCThread "G1 Refine#0" [stack: 0x0000000b3bd00000,0x0000000b3be00000] [id=30456]
  0x0000019dacc80800 ConcurrentGCThread "G1 Young RemSet Sampling" [stack: 0x0000000b3be00000,0x0000000b3bf00000] [id=17512]

Threads with active compile tasks:
C2 CompilerThread0    97921 6714       4       groovy.lang.MetaClassImpl$1MOPIter::methodNameAction (325 bytes)

VM state:not at safepoint (normal execution)

VM Mutex/Monitor currently owned by a thread: None

Heap address: 0x0000000080000000, size: 2048 MB, Compressed Oops mode: 32-bit
Narrow klass base: 0x0000000000000000, Narrow klass shift: 3
Compressed class space size: 1073741824 Address: 0x0000000100000000

Heap:
 garbage-first heap   total 260096K, used 192534K [0x0000000080000000, 0x0000000100000000)
  region size 1024K, 151 young (154624K), 12 survivors (12288K)
 Metaspace       used 66694K, capacity 68426K, committed 68560K, reserved 1107968K
  class space    used 8480K, capacity 9140K, committed 9248K, reserved 1048576K
Heap Regions: E=young(eden), S=young(survivor), O=old, HS=humongous(starts), HC=humongous(continues), CS=collection set, F=free, A=archive, TAMS=top-at-mark-start (previous, next)
|   0|0x0000000080000000, 0x0000000080100000, 0x0000000080100000|100%| O|  |TAMS 0x0000000080100000, 0x0000000080000000| Untracked 
|   1|0x0000000080100000, 0x0000000080200000, 0x0000000080200000|100%| O|  |TAMS 0x0000000080200000, 0x0000000080100000| Untracked 
|   2|0x0000000080200000, 0x0000000080300000, 0x0000000080300000|100%| O|  |TAMS 0x0000000080300000, 0x0000000080200000| Untracked 
|   3|0x0000000080300000, 0x0000000080400000, 0x0000000080400000|100%|HS|  |TAMS 0x0000000080400000, 0x0000000080300000| Complete 
|   4|0x0000000080400000, 0x0000000080500000, 0x0000000080500000|100%|HC|  |TAMS 0x0000000080500000, 0x0000000080400000| Complete 
|   5|0x0000000080500000, 0x0000000080600000, 0x0000000080600000|100%|HC|  |TAMS 0x0000000080600000, 0x0000000080500000| Complete 
|   6|0x0000000080600000, 0x0000000080700000, 0x0000000080700000|100%| O|  |TAMS 0x0000000080700000, 0x0000000080600000| Untracked 
|   7|0x0000000080700000, 0x0000000080800000, 0x0000000080800000|100%| O|  |TAMS 0x0000000080800000, 0x0000000080700000| Untracked 
|   8|0x0000000080800000, 0x0000000080900000, 0x0000000080900000|100%| O|  |TAMS 0x0000000080900000, 0x0000000080800000| Untracked 
|   9|0x0000000080900000, 0x0000000080a00000, 0x0000000080a00000|100%| O|  |TAMS 0x0000000080a00000, 0x0000000080900000| Untracked 
|  10|0x0000000080a00000, 0x0000000080b00000, 0x0000000080b00000|100%| O|  |TAMS 0x0000000080b00000, 0x0000000080a00000| Untracked 
|  11|0x0000000080b00000, 0x0000000080c00000, 0x0000000080c00000|100%| O|  |TAMS 0x0000000080c00000, 0x0000000080b00000| Untracked 
|  12|0x0000000080c00000, 0x0000000080d00000, 0x0000000080d00000|100%| O|  |TAMS 0x0000000080d00000, 0x0000000080c00000| Untracked 
|  13|0x0000000080d00000, 0x0000000080e00000, 0x0000000080e00000|100%| O|  |TAMS 0x0000000080e00000, 0x0000000080d00000| Untracked 
|  14|0x0000000080e00000, 0x0000000080f00000, 0x0000000080f00000|100%| O|  |TAMS 0x0000000080f00000, 0x0000000080e00000| Untracked 
|  15|0x0000000080f00000, 0x0000000081000000, 0x0000000081000000|100%| O|  |TAMS 0x0000000081000000, 0x0000000080f00000| Untracked 
|  16|0x0000000081000000, 0x0000000081100000, 0x0000000081100000|100%| O|  |TAMS 0x0000000081100000, 0x0000000081000000| Untracked 
|  17|0x0000000081100000, 0x0000000081200000, 0x0000000081200000|100%|HS|  |TAMS 0x0000000081200000, 0x0000000081100000| Complete 
|  18|0x0000000081200000, 0x0000000081300000, 0x0000000081300000|100%|HS|  |TAMS 0x0000000081300000, 0x0000000081200000| Complete 
|  19|0x0000000081300000, 0x0000000081400000, 0x0000000081400000|100%| O|  |TAMS 0x0000000081400000, 0x0000000081300000| Untracked 
|  20|0x0000000081400000, 0x0000000081500000, 0x0000000081500000|100%| O|  |TAMS 0x0000000081500000, 0x0000000081400000| Untracked 
|  21|0x0000000081500000, 0x0000000081600000, 0x0000000081600000|100%| O|  |TAMS 0x0000000081600000, 0x0000000081500000| Untracked 
|  22|0x0000000081600000, 0x0000000081700000, 0x0000000081700000|100%| O|  |TAMS 0x0000000081700000, 0x0000000081600000| Untracked 
|  23|0x0000000081700000, 0x0000000081800000, 0x0000000081800000|100%| O|  |TAMS 0x0000000081800000, 0x0000000081700000| Untracked 
|  24|0x0000000081800000, 0x0000000081900000, 0x0000000081900000|100%| O|  |TAMS 0x0000000081900000, 0x0000000081800000| Untracked 
|  25|0x0000000081900000, 0x0000000081a00000, 0x0000000081a00000|100%| O|  |TAMS 0x0000000081a00000, 0x0000000081900000| Untracked 
|  26|0x0000000081a00000, 0x0000000081b00000, 0x0000000081b00000|100%| O|  |TAMS 0x0000000081b00000, 0x0000000081a00000| Untracked 
|  27|0x0000000081b00000, 0x0000000081c00000, 0x0000000081c00000|100%| O|  |TAMS 0x0000000081c00000, 0x0000000081b00000| Untracked 
|  28|0x0000000081c00000, 0x0000000081d00000, 0x0000000081d00000|100%| O|  |TAMS 0x0000000081d00000, 0x0000000081c00000| Untracked 
|  29|0x0000000081d00000, 0x0000000081e00000, 0x0000000081e00000|100%| O|  |TAMS 0x0000000081e00000, 0x0000000081d00000| Untracked 
|  30|0x0000000081e00000, 0x0000000081f00000, 0x0000000081f00000|100%| O|  |TAMS 0x0000000081f00000, 0x0000000081e00000| Untracked 
|  31|0x0000000081f00000, 0x0000000081f5d200, 0x0000000082000000| 36%| O|  |TAMS 0x0000000081f5d200, 0x0000000081f00000| Untracked 
|  32|0x0000000082000000, 0x0000000082100000, 0x0000000082100000|100%|HS|  |TAMS 0x0000000082000000, 0x0000000082000000| Complete 
|  33|0x0000000082100000, 0x0000000082200000, 0x0000000082200000|100%|HS|  |TAMS 0x0000000082100000, 0x0000000082100000| Complete 
|  34|0x0000000082200000, 0x0000000082300000, 0x0000000082300000|100%|HS|  |TAMS 0x0000000082200000, 0x0000000082200000| Complete 
|  35|0x0000000082300000, 0x0000000082400000, 0x0000000082400000|100%|HS|  |TAMS 0x0000000082300000, 0x0000000082300000| Complete 
|  36|0x0000000082400000, 0x0000000082500000, 0x0000000082500000|100%|HS|  |TAMS 0x0000000082400000, 0x0000000082400000| Complete 
|  37|0x0000000082500000, 0x0000000082600000, 0x0000000082600000|100%|HS|  |TAMS 0x0000000082500000, 0x0000000082500000| Complete 
|  38|0x0000000082600000, 0x0000000082700000, 0x0000000082700000|100%|HS|  |TAMS 0x0000000082600000, 0x0000000082600000| Complete 
|  39|0x0000000082700000, 0x0000000082800000, 0x0000000082800000|100%|HS|  |TAMS 0x0000000082700000, 0x0000000082700000| Complete 
|  40|0x0000000082800000, 0x0000000082800000, 0x0000000082900000|  0%| F|  |TAMS 0x0000000082800000, 0x0000000082800000| Untracked 
|  41|0x0000000082900000, 0x0000000082900000, 0x0000000082a00000|  0%| F|  |TAMS 0x0000000082900000, 0x0000000082900000| Untracked 
|  42|0x0000000082a00000, 0x0000000082a00000, 0x0000000082b00000|  0%| F|  |TAMS 0x0000000082a00000, 0x0000000082a00000| Untracked 
|  43|0x0000000082b00000, 0x0000000082b00000, 0x0000000082c00000|  0%| F|  |TAMS 0x0000000082b00000, 0x0000000082b00000| Untracked 
|  44|0x0000000082c00000, 0x0000000082c00000, 0x0000000082d00000|  0%| F|  |TAMS 0x0000000082c00000, 0x0000000082c00000| Untracked 
|  45|0x0000000082d00000, 0x0000000082d00000, 0x0000000082e00000|  0%| F|  |TAMS 0x0000000082d00000, 0x0000000082d00000| Untracked 
|  46|0x0000000082e00000, 0x0000000082e00000, 0x0000000082f00000|  0%| F|  |TAMS 0x0000000082e00000, 0x0000000082e00000| Untracked 
|  47|0x0000000082f00000, 0x0000000082f00000, 0x0000000083000000|  0%| F|  |TAMS 0x0000000082f00000, 0x0000000082f00000| Untracked 
|  48|0x0000000083000000, 0x0000000083000000, 0x0000000083100000|  0%| F|  |TAMS 0x0000000083000000, 0x0000000083000000| Untracked 
|  49|0x0000000083100000, 0x0000000083100000, 0x0000000083200000|  0%| F|  |TAMS 0x0000000083100000, 0x0000000083100000| Untracked 
|  50|0x0000000083200000, 0x0000000083200000, 0x0000000083300000|  0%| F|  |TAMS 0x0000000083200000, 0x0000000083200000| Untracked 
|  51|0x0000000083300000, 0x0000000083300000, 0x0000000083400000|  0%| F|  |TAMS 0x0000000083300000, 0x0000000083300000| Untracked 
|  52|0x0000000083400000, 0x0000000083400000, 0x0000000083500000|  0%| F|  |TAMS 0x0000000083400000, 0x0000000083400000| Untracked 
|  53|0x0000000083500000, 0x0000000083500000, 0x0000000083600000|  0%| F|  |TAMS 0x0000000083500000, 0x0000000083500000| Untracked 
|  54|0x0000000083600000, 0x0000000083600000, 0x0000000083700000|  0%| F|  |TAMS 0x0000000083600000, 0x0000000083600000| Untracked 
|  55|0x0000000083700000, 0x0000000083700000, 0x0000000083800000|  0%| F|  |TAMS 0x0000000083700000, 0x0000000083700000| Untracked 
|  56|0x0000000083800000, 0x0000000083800000, 0x0000000083900000|  0%| F|  |TAMS 0x0000000083800000, 0x0000000083800000| Untracked 
|  57|0x0000000083900000, 0x0000000083900000, 0x0000000083a00000|  0%| F|  |TAMS 0x0000000083900000, 0x0000000083900000| Untracked 
|  58|0x0000000083a00000, 0x0000000083a00000, 0x0000000083b00000|  0%| F|  |TAMS 0x0000000083a00000, 0x0000000083a00000| Untracked 
|  59|0x0000000083b00000, 0x0000000083b00000, 0x0000000083c00000|  0%| F|  |TAMS 0x0000000083b00000, 0x0000000083b00000| Untracked 
|  60|0x0000000083c00000, 0x0000000083c00000, 0x0000000083d00000|  0%| F|  |TAMS 0x0000000083c00000, 0x0000000083c00000| Untracked 
|  61|0x0000000083d00000, 0x0000000083d00000, 0x0000000083e00000|  0%| F|  |TAMS 0x0000000083d00000, 0x0000000083d00000| Untracked 
|  62|0x0000000083e00000, 0x0000000083e00000, 0x0000000083f00000|  0%| F|  |TAMS 0x0000000083e00000, 0x0000000083e00000| Untracked 
|  63|0x0000000083f00000, 0x0000000083f00000, 0x0000000084000000|  0%| F|  |TAMS 0x0000000083f00000, 0x0000000083f00000| Untracked 
|  64|0x0000000084000000, 0x0000000084000000, 0x0000000084100000|  0%| F|  |TAMS 0x0000000084000000, 0x0000000084000000| Untracked 
|  65|0x0000000084100000, 0x0000000084100000, 0x0000000084200000|  0%| F|  |TAMS 0x0000000084100000, 0x0000000084100000| Untracked 
|  66|0x0000000084200000, 0x0000000084200000, 0x0000000084300000|  0%| F|  |TAMS 0x0000000084200000, 0x0000000084200000| Untracked 
|  67|0x0000000084300000, 0x0000000084300000, 0x0000000084400000|  0%| F|  |TAMS 0x0000000084300000, 0x0000000084300000| Untracked 
|  68|0x0000000084400000, 0x0000000084400000, 0x0000000084500000|  0%| F|  |TAMS 0x0000000084400000, 0x0000000084400000| Untracked 
|  69|0x0000000084500000, 0x0000000084500000, 0x0000000084600000|  0%| F|  |TAMS 0x0000000084500000, 0x0000000084500000| Untracked 
|  70|0x0000000084600000, 0x0000000084600000, 0x0000000084700000|  0%| F|  |TAMS 0x0000000084600000, 0x0000000084600000| Untracked 
|  71|0x0000000084700000, 0x0000000084700000, 0x0000000084800000|  0%| F|  |TAMS 0x0000000084700000, 0x0000000084700000| Untracked 
|  72|0x0000000084800000, 0x0000000084800000, 0x0000000084900000|  0%| F|  |TAMS 0x0000000084800000, 0x0000000084800000| Untracked 
|  73|0x0000000084900000, 0x0000000084900000, 0x0000000084a00000|  0%| F|  |TAMS 0x0000000084900000, 0x0000000084900000| Untracked 
|  74|0x0000000084a00000, 0x0000000084a00000, 0x0000000084b00000|  0%| F|  |TAMS 0x0000000084a00000, 0x0000000084a00000| Untracked 
|  75|0x0000000084b00000, 0x0000000084b00000, 0x0000000084c00000|  0%| F|  |TAMS 0x0000000084b00000, 0x0000000084b00000| Untracked 
|  76|0x0000000084c00000, 0x0000000084c00000, 0x0000000084d00000|  0%| F|  |TAMS 0x0000000084c00000, 0x0000000084c00000| Untracked 
|  77|0x0000000084d00000, 0x0000000084d00000, 0x0000000084e00000|  0%| F|  |TAMS 0x0000000084d00000, 0x0000000084d00000| Untracked 
|  78|0x0000000084e00000, 0x0000000084e00000, 0x0000000084f00000|  0%| F|  |TAMS 0x0000000084e00000, 0x0000000084e00000| Untracked 
|  79|0x0000000084f00000, 0x0000000084f00000, 0x0000000085000000|  0%| F|  |TAMS 0x0000000084f00000, 0x0000000084f00000| Untracked 
|  80|0x0000000085000000, 0x0000000085000000, 0x0000000085100000|  0%| F|  |TAMS 0x0000000085000000, 0x0000000085000000| Untracked 
|  81|0x0000000085100000, 0x0000000085100000, 0x0000000085200000|  0%| F|  |TAMS 0x0000000085100000, 0x0000000085100000| Untracked 
|  82|0x0000000085200000, 0x0000000085200000, 0x0000000085300000|  0%| F|  |TAMS 0x0000000085200000, 0x0000000085200000| Untracked 
|  83|0x0000000085300000, 0x0000000085300000, 0x0000000085400000|  0%| F|  |TAMS 0x0000000085300000, 0x0000000085300000| Untracked 
|  84|0x0000000085400000, 0x0000000085400000, 0x0000000085500000|  0%| F|  |TAMS 0x0000000085400000, 0x0000000085400000| Untracked 
|  85|0x0000000085500000, 0x0000000085500000, 0x0000000085600000|  0%| F|  |TAMS 0x0000000085500000, 0x0000000085500000| Untracked 
|  86|0x0000000085600000, 0x0000000085600000, 0x0000000085700000|  0%| F|  |TAMS 0x0000000085600000, 0x0000000085600000| Untracked 
|  87|0x0000000085700000, 0x0000000085700000, 0x0000000085800000|  0%| F|  |TAMS 0x0000000085700000, 0x0000000085700000| Untracked 
|  88|0x0000000085800000, 0x0000000085800000, 0x0000000085900000|  0%| F|  |TAMS 0x0000000085800000, 0x0000000085800000| Untracked 
|  89|0x0000000085900000, 0x0000000085900000, 0x0000000085a00000|  0%| F|  |TAMS 0x0000000085900000, 0x0000000085900000| Untracked 
|  90|0x0000000085a00000, 0x0000000085a00000, 0x0000000085b00000|  0%| F|  |TAMS 0x0000000085a00000, 0x0000000085a00000| Untracked 
|  91|0x0000000085b00000, 0x0000000085b00000, 0x0000000085c00000|  0%| F|  |TAMS 0x0000000085b00000, 0x0000000085b00000| Untracked 
|  92|0x0000000085c00000, 0x0000000085c00000, 0x0000000085d00000|  0%| F|  |TAMS 0x0000000085c00000, 0x0000000085c00000| Untracked 
|  93|0x0000000085d00000, 0x0000000085d00000, 0x0000000085e00000|  0%| F|  |TAMS 0x0000000085d00000, 0x0000000085d00000| Untracked 
|  94|0x0000000085e00000, 0x0000000085e00000, 0x0000000085f00000|  0%| F|  |TAMS 0x0000000085e00000, 0x0000000085e00000| Untracked 
|  95|0x0000000085f00000, 0x0000000085f00000, 0x0000000086000000|  0%| F|  |TAMS 0x0000000085f00000, 0x0000000085f00000| Untracked 
|  96|0x0000000086000000, 0x0000000086000000, 0x0000000086100000|  0%| F|  |TAMS 0x0000000086000000, 0x0000000086000000| Untracked 
|  97|0x0000000086100000, 0x0000000086100000, 0x0000000086200000|  0%| F|  |TAMS 0x0000000086100000, 0x0000000086100000| Untracked 
|  98|0x0000000086200000, 0x0000000086200000, 0x0000000086300000|  0%| F|  |TAMS 0x0000000086200000, 0x0000000086200000| Untracked 
|  99|0x0000000086300000, 0x0000000086300000, 0x0000000086400000|  0%| F|  |TAMS 0x0000000086300000, 0x0000000086300000| Untracked 
| 100|0x0000000086400000, 0x0000000086400000, 0x0000000086500000|  0%| F|  |TAMS 0x0000000086400000, 0x0000000086400000| Untracked 
| 101|0x0000000086500000, 0x0000000086500000, 0x0000000086600000|  0%| F|  |TAMS 0x0000000086500000, 0x0000000086500000| Untracked 
| 102|0x0000000086600000, 0x0000000086600000, 0x0000000086700000|  0%| F|  |TAMS 0x0000000086600000, 0x0000000086600000| Untracked 
| 103|0x0000000086700000, 0x0000000086800000, 0x0000000086800000|100%| E|  |TAMS 0x0000000086700000, 0x0000000086700000| Complete 
| 104|0x0000000086800000, 0x0000000086900000, 0x0000000086900000|100%| E|CS|TAMS 0x0000000086800000, 0x0000000086800000| Complete 
| 105|0x0000000086900000, 0x0000000086a00000, 0x0000000086a00000|100%| E|CS|TAMS 0x0000000086900000, 0x0000000086900000| Complete 
| 106|0x0000000086a00000, 0x0000000086b00000, 0x0000000086b00000|100%| E|CS|TAMS 0x0000000086a00000, 0x0000000086a00000| Complete 
| 107|0x0000000086b00000, 0x0000000086c00000, 0x0000000086c00000|100%| E|CS|TAMS 0x0000000086b00000, 0x0000000086b00000| Complete 
| 108|0x0000000086c00000, 0x0000000086d00000, 0x0000000086d00000|100%| E|CS|TAMS 0x0000000086c00000, 0x0000000086c00000| Complete 
| 109|0x0000000086d00000, 0x0000000086e00000, 0x0000000086e00000|100%| E|CS|TAMS 0x0000000086d00000, 0x0000000086d00000| Complete 
| 110|0x0000000086e00000, 0x0000000086f00000, 0x0000000086f00000|100%| E|CS|TAMS 0x0000000086e00000, 0x0000000086e00000| Complete 
| 111|0x0000000086f00000, 0x0000000087000000, 0x0000000087000000|100%| E|CS|TAMS 0x0000000086f00000, 0x0000000086f00000| Complete 
| 112|0x0000000087000000, 0x0000000087100000, 0x0000000087100000|100%| E|CS|TAMS 0x0000000087000000, 0x0000000087000000| Complete 
| 113|0x0000000087100000, 0x0000000087200000, 0x0000000087200000|100%| E|CS|TAMS 0x0000000087100000, 0x0000000087100000| Complete 
| 114|0x0000000087200000, 0x0000000087300000, 0x0000000087300000|100%| E|CS|TAMS 0x0000000087200000, 0x0000000087200000| Complete 
| 115|0x0000000087300000, 0x0000000087400000, 0x0000000087400000|100%| E|CS|TAMS 0x0000000087300000, 0x0000000087300000| Complete 
| 116|0x0000000087400000, 0x0000000087500000, 0x0000000087500000|100%| E|CS|TAMS 0x0000000087400000, 0x0000000087400000| Complete 
| 117|0x0000000087500000, 0x0000000087600000, 0x0000000087600000|100%| E|CS|TAMS 0x0000000087500000, 0x0000000087500000| Complete 
| 118|0x0000000087600000, 0x0000000087700000, 0x0000000087700000|100%| E|CS|TAMS 0x0000000087600000, 0x0000000087600000| Complete 
| 119|0x0000000087700000, 0x0000000087800000, 0x0000000087800000|100%| E|CS|TAMS 0x0000000087700000, 0x0000000087700000| Complete 
| 120|0x0000000087800000, 0x0000000087900000, 0x0000000087900000|100%| E|CS|TAMS 0x0000000087800000, 0x0000000087800000| Complete 
| 121|0x0000000087900000, 0x0000000087a00000, 0x0000000087a00000|100%| E|CS|TAMS 0x0000000087900000, 0x0000000087900000| Complete 
| 122|0x0000000087a00000, 0x0000000087b00000, 0x0000000087b00000|100%| E|CS|TAMS 0x0000000087a00000, 0x0000000087a00000| Complete 
| 123|0x0000000087b00000, 0x0000000087c00000, 0x0000000087c00000|100%| E|CS|TAMS 0x0000000087b00000, 0x0000000087b00000| Complete 
| 124|0x0000000087c00000, 0x0000000087d00000, 0x0000000087d00000|100%| E|CS|TAMS 0x0000000087c00000, 0x0000000087c00000| Complete 
| 125|0x0000000087d00000, 0x0000000087e00000, 0x0000000087e00000|100%| E|CS|TAMS 0x0000000087d00000, 0x0000000087d00000| Complete 
| 126|0x0000000087e00000, 0x0000000087f00000, 0x0000000087f00000|100%| E|CS|TAMS 0x0000000087e00000, 0x0000000087e00000| Complete 
| 127|0x0000000087f00000, 0x0000000088000000, 0x0000000088000000|100%| E|CS|TAMS 0x0000000087f00000, 0x0000000087f00000| Complete 
| 128|0x0000000088000000, 0x0000000088100000, 0x0000000088100000|100%| E|CS|TAMS 0x0000000088000000, 0x0000000088000000| Complete 
| 129|0x0000000088100000, 0x0000000088200000, 0x0000000088200000|100%| E|CS|TAMS 0x0000000088100000, 0x0000000088100000| Complete 
| 130|0x0000000088200000, 0x0000000088300000, 0x0000000088300000|100%| E|CS|TAMS 0x0000000088200000, 0x0000000088200000| Complete 
| 131|0x0000000088300000, 0x0000000088400000, 0x0000000088400000|100%| E|CS|TAMS 0x0000000088300000, 0x0000000088300000| Complete 
| 132|0x0000000088400000, 0x0000000088500000, 0x0000000088500000|100%| E|CS|TAMS 0x0000000088400000, 0x0000000088400000| Complete 
| 133|0x0000000088500000, 0x0000000088600000, 0x0000000088600000|100%| E|CS|TAMS 0x0000000088500000, 0x0000000088500000| Complete 
| 134|0x0000000088600000, 0x0000000088700000, 0x0000000088700000|100%| E|CS|TAMS 0x0000000088600000, 0x0000000088600000| Complete 
| 135|0x0000000088700000, 0x0000000088800000, 0x0000000088800000|100%| E|CS|TAMS 0x0000000088700000, 0x0000000088700000| Complete 
| 136|0x0000000088800000, 0x0000000088900000, 0x0000000088900000|100%| E|CS|TAMS 0x0000000088800000, 0x0000000088800000| Complete 
| 137|0x0000000088900000, 0x0000000088a00000, 0x0000000088a00000|100%| E|CS|TAMS 0x0000000088900000, 0x0000000088900000| Complete 
| 138|0x0000000088a00000, 0x0000000088b00000, 0x0000000088b00000|100%| E|CS|TAMS 0x0000000088a00000, 0x0000000088a00000| Complete 
| 139|0x0000000088b00000, 0x0000000088c00000, 0x0000000088c00000|100%| E|CS|TAMS 0x0000000088b00000, 0x0000000088b00000| Complete 
| 140|0x0000000088c00000, 0x0000000088d00000, 0x0000000088d00000|100%| E|CS|TAMS 0x0000000088c00000, 0x0000000088c00000| Complete 
| 141|0x0000000088d00000, 0x0000000088e00000, 0x0000000088e00000|100%| E|CS|TAMS 0x0000000088d00000, 0x0000000088d00000| Complete 
| 142|0x0000000088e00000, 0x0000000088f00000, 0x0000000088f00000|100%| E|CS|TAMS 0x0000000088e00000, 0x0000000088e00000| Complete 
| 143|0x0000000088f00000, 0x0000000089000000, 0x0000000089000000|100%| E|CS|TAMS 0x0000000088f00000, 0x0000000088f00000| Complete 
| 144|0x0000000089000000, 0x0000000089100000, 0x0000000089100000|100%| E|CS|TAMS 0x0000000089000000, 0x0000000089000000| Complete 
| 145|0x0000000089100000, 0x0000000089200000, 0x0000000089200000|100%| E|CS|TAMS 0x0000000089100000, 0x0000000089100000| Complete 
| 146|0x0000000089200000, 0x0000000089300000, 0x0000000089300000|100%| E|CS|TAMS 0x0000000089200000, 0x0000000089200000| Complete 
| 147|0x0000000089300000, 0x0000000089400000, 0x0000000089400000|100%| E|CS|TAMS 0x0000000089300000, 0x0000000089300000| Complete 
| 148|0x0000000089400000, 0x0000000089500000, 0x0000000089500000|100%| E|CS|TAMS 0x0000000089400000, 0x0000000089400000| Complete 
| 149|0x0000000089500000, 0x0000000089600000, 0x0000000089600000|100%| E|CS|TAMS 0x0000000089500000, 0x0000000089500000| Complete 
| 150|0x0000000089600000, 0x0000000089700000, 0x0000000089700000|100%| E|CS|TAMS 0x0000000089600000, 0x0000000089600000| Complete 
| 151|0x0000000089700000, 0x0000000089800000, 0x0000000089800000|100%| E|CS|TAMS 0x0000000089700000, 0x0000000089700000| Complete 
| 152|0x0000000089800000, 0x0000000089900000, 0x0000000089900000|100%| E|CS|TAMS 0x0000000089800000, 0x0000000089800000| Complete 
| 153|0x0000000089900000, 0x0000000089a00000, 0x0000000089a00000|100%| E|CS|TAMS 0x0000000089900000, 0x0000000089900000| Complete 
| 154|0x0000000089a00000, 0x0000000089b00000, 0x0000000089b00000|100%| E|CS|TAMS 0x0000000089a00000, 0x0000000089a00000| Complete 
| 155|0x0000000089b00000, 0x0000000089c00000, 0x0000000089c00000|100%| E|CS|TAMS 0x0000000089b00000, 0x0000000089b00000| Complete 
| 156|0x0000000089c00000, 0x0000000089d00000, 0x0000000089d00000|100%| E|CS|TAMS 0x0000000089c00000, 0x0000000089c00000| Complete 
| 157|0x0000000089d00000, 0x0000000089e00000, 0x0000000089e00000|100%| E|CS|TAMS 0x0000000089d00000, 0x0000000089d00000| Complete 
| 158|0x0000000089e00000, 0x0000000089f00000, 0x0000000089f00000|100%| E|CS|TAMS 0x0000000089e00000, 0x0000000089e00000| Complete 
| 159|0x0000000089f00000, 0x000000008a000000, 0x000000008a000000|100%| E|CS|TAMS 0x0000000089f00000, 0x0000000089f00000| Complete 
| 160|0x000000008a000000, 0x000000008a100000, 0x000000008a100000|100%| E|CS|TAMS 0x000000008a000000, 0x000000008a000000| Complete 
| 161|0x000000008a100000, 0x000000008a200000, 0x000000008a200000|100%| E|CS|TAMS 0x000000008a100000, 0x000000008a100000| Complete 
| 162|0x000000008a200000, 0x000000008a300000, 0x000000008a300000|100%| E|CS|TAMS 0x000000008a200000, 0x000000008a200000| Complete 
| 163|0x000000008a300000, 0x000000008a400000, 0x000000008a400000|100%| E|CS|TAMS 0x000000008a300000, 0x000000008a300000| Complete 
| 164|0x000000008a400000, 0x000000008a500000, 0x000000008a500000|100%| E|CS|TAMS 0x000000008a400000, 0x000000008a400000| Complete 
| 165|0x000000008a500000, 0x000000008a600000, 0x000000008a600000|100%| E|CS|TAMS 0x000000008a500000, 0x000000008a500000| Complete 
| 166|0x000000008a600000, 0x000000008a700000, 0x000000008a700000|100%| E|CS|TAMS 0x000000008a600000, 0x000000008a600000| Complete 
| 167|0x000000008a700000, 0x000000008a800000, 0x000000008a800000|100%| E|CS|TAMS 0x000000008a700000, 0x000000008a700000| Complete 
| 168|0x000000008a800000, 0x000000008a900000, 0x000000008a900000|100%| E|CS|TAMS 0x000000008a800000, 0x000000008a800000| Complete 
| 169|0x000000008a900000, 0x000000008aa00000, 0x000000008aa00000|100%| E|CS|TAMS 0x000000008a900000, 0x000000008a900000| Complete 
| 170|0x000000008aa00000, 0x000000008ab00000, 0x000000008ab00000|100%| E|CS|TAMS 0x000000008aa00000, 0x000000008aa00000| Complete 
| 171|0x000000008ab00000, 0x000000008ac00000, 0x000000008ac00000|100%| E|CS|TAMS 0x000000008ab00000, 0x000000008ab00000| Complete 
| 172|0x000000008ac00000, 0x000000008ad00000, 0x000000008ad00000|100%| E|  |TAMS 0x000000008ac00000, 0x000000008ac00000| Complete 
| 173|0x000000008ad00000, 0x000000008ae00000, 0x000000008ae00000|100%| E|CS|TAMS 0x000000008ad00000, 0x000000008ad00000| Complete 
| 174|0x000000008ae00000, 0x000000008af00000, 0x000000008af00000|100%| E|CS|TAMS 0x000000008ae00000, 0x000000008ae00000| Complete 
| 175|0x000000008af00000, 0x000000008b000000, 0x000000008b000000|100%| E|CS|TAMS 0x000000008af00000, 0x000000008af00000| Complete 
| 176|0x000000008b000000, 0x000000008b100000, 0x000000008b100000|100%| E|CS|TAMS 0x000000008b000000, 0x000000008b000000| Complete 
| 177|0x000000008b100000, 0x000000008b200000, 0x000000008b200000|100%| E|CS|TAMS 0x000000008b100000, 0x000000008b100000| Complete 
| 178|0x000000008b200000, 0x000000008b300000, 0x000000008b300000|100%| E|CS|TAMS 0x000000008b200000, 0x000000008b200000| Complete 
| 179|0x000000008b300000, 0x000000008b400000, 0x000000008b400000|100%| E|CS|TAMS 0x000000008b300000, 0x000000008b300000| Complete 
| 180|0x000000008b400000, 0x000000008b500000, 0x000000008b500000|100%| E|CS|TAMS 0x000000008b400000, 0x000000008b400000| Complete 
| 181|0x000000008b500000, 0x000000008b600000, 0x000000008b600000|100%| E|CS|TAMS 0x000000008b500000, 0x000000008b500000| Complete 
| 182|0x000000008b600000, 0x000000008b700000, 0x000000008b700000|100%| E|CS|TAMS 0x000000008b600000, 0x000000008b600000| Complete 
| 183|0x000000008b700000, 0x000000008b800000, 0x000000008b800000|100%| E|CS|TAMS 0x000000008b700000, 0x000000008b700000| Complete 
| 184|0x000000008b800000, 0x000000008b900000, 0x000000008b900000|100%| E|CS|TAMS 0x000000008b800000, 0x000000008b800000| Complete 
| 185|0x000000008b900000, 0x000000008ba00000, 0x000000008ba00000|100%| E|CS|TAMS 0x000000008b900000, 0x000000008b900000| Complete 
| 186|0x000000008ba00000, 0x000000008bb00000, 0x000000008bb00000|100%| E|CS|TAMS 0x000000008ba00000, 0x000000008ba00000| Complete 
| 187|0x000000008bb00000, 0x000000008bc00000, 0x000000008bc00000|100%| E|CS|TAMS 0x000000008bb00000, 0x000000008bb00000| Complete 
| 188|0x000000008bc00000, 0x000000008bd00000, 0x000000008bd00000|100%| E|CS|TAMS 0x000000008bc00000, 0x000000008bc00000| Complete 
| 189|0x000000008bd00000, 0x000000008be00000, 0x000000008be00000|100%| E|CS|TAMS 0x000000008bd00000, 0x000000008bd00000| Complete 
| 190|0x000000008be00000, 0x000000008bf00000, 0x000000008bf00000|100%| E|CS|TAMS 0x000000008be00000, 0x000000008be00000| Complete 
| 191|0x000000008bf00000, 0x000000008c000000, 0x000000008c000000|100%| E|CS|TAMS 0x000000008bf00000, 0x000000008bf00000| Complete 
| 192|0x000000008c000000, 0x000000008c100000, 0x000000008c100000|100%| E|CS|TAMS 0x000000008c000000, 0x000000008c000000| Complete 
| 193|0x000000008c100000, 0x000000008c200000, 0x000000008c200000|100%| E|CS|TAMS 0x000000008c100000, 0x000000008c100000| Complete 
| 194|0x000000008c200000, 0x000000008c300000, 0x000000008c300000|100%| E|CS|TAMS 0x000000008c200000, 0x000000008c200000| Complete 
| 195|0x000000008c300000, 0x000000008c400000, 0x000000008c400000|100%| E|CS|TAMS 0x000000008c300000, 0x000000008c300000| Complete 
| 196|0x000000008c400000, 0x000000008c500000, 0x000000008c500000|100%| E|CS|TAMS 0x000000008c400000, 0x000000008c400000| Complete 
| 197|0x000000008c500000, 0x000000008c600000, 0x000000008c600000|100%| E|CS|TAMS 0x000000008c500000, 0x000000008c500000| Complete 
| 198|0x000000008c600000, 0x000000008c700000, 0x000000008c700000|100%| E|CS|TAMS 0x000000008c600000, 0x000000008c600000| Complete 
| 199|0x000000008c700000, 0x000000008c800000, 0x000000008c800000|100%| E|CS|TAMS 0x000000008c700000, 0x000000008c700000| Complete 
| 200|0x000000008c800000, 0x000000008c900000, 0x000000008c900000|100%| E|CS|TAMS 0x000000008c800000, 0x000000008c800000| Complete 
| 201|0x000000008c900000, 0x000000008ca00000, 0x000000008ca00000|100%| E|CS|TAMS 0x000000008c900000, 0x000000008c900000| Complete 
| 202|0x000000008ca00000, 0x000000008cb00000, 0x000000008cb00000|100%| E|CS|TAMS 0x000000008ca00000, 0x000000008ca00000| Complete 
| 203|0x000000008cb00000, 0x000000008cc00000, 0x000000008cc00000|100%| E|CS|TAMS 0x000000008cb00000, 0x000000008cb00000| Complete 
| 204|0x000000008cc00000, 0x000000008cd00000, 0x000000008cd00000|100%| E|CS|TAMS 0x000000008cc00000, 0x000000008cc00000| Complete 
| 205|0x000000008cd00000, 0x000000008ce00000, 0x000000008ce00000|100%| E|CS|TAMS 0x000000008cd00000, 0x000000008cd00000| Complete 
| 206|0x000000008ce00000, 0x000000008cf00000, 0x000000008cf00000|100%| E|CS|TAMS 0x000000008ce00000, 0x000000008ce00000| Complete 
| 207|0x000000008cf00000, 0x000000008d000000, 0x000000008d000000|100%| E|CS|TAMS 0x000000008cf00000, 0x000000008cf00000| Complete 
| 208|0x000000008d000000, 0x000000008d100000, 0x000000008d100000|100%| E|CS|TAMS 0x000000008d000000, 0x000000008d000000| Complete 
| 209|0x000000008d100000, 0x000000008d200000, 0x000000008d200000|100%| E|CS|TAMS 0x000000008d100000, 0x000000008d100000| Complete 
| 210|0x000000008d200000, 0x000000008d300000, 0x000000008d300000|100%| E|CS|TAMS 0x000000008d200000, 0x000000008d200000| Complete 
| 211|0x000000008d300000, 0x000000008d400000, 0x000000008d400000|100%| E|CS|TAMS 0x000000008d300000, 0x000000008d300000| Complete 
| 212|0x000000008d400000, 0x000000008d500000, 0x000000008d500000|100%| E|CS|TAMS 0x000000008d400000, 0x000000008d400000| Complete 
| 213|0x000000008d500000, 0x000000008d600000, 0x000000008d600000|100%| E|CS|TAMS 0x000000008d500000, 0x000000008d500000| Complete 
| 214|0x000000008d600000, 0x000000008d700000, 0x000000008d700000|100%| E|CS|TAMS 0x000000008d600000, 0x000000008d600000| Complete 
| 215|0x000000008d700000, 0x000000008d800000, 0x000000008d800000|100%| E|CS|TAMS 0x000000008d700000, 0x000000008d700000| Complete 
| 216|0x000000008d800000, 0x000000008d900000, 0x000000008d900000|100%| E|CS|TAMS 0x000000008d800000, 0x000000008d800000| Complete 
| 217|0x000000008d900000, 0x000000008da00000, 0x000000008da00000|100%| E|CS|TAMS 0x000000008d900000, 0x000000008d900000| Complete 
| 218|0x000000008da00000, 0x000000008db00000, 0x000000008db00000|100%| E|CS|TAMS 0x000000008da00000, 0x000000008da00000| Complete 
| 219|0x000000008db00000, 0x000000008dc00000, 0x000000008dc00000|100%| E|CS|TAMS 0x000000008db00000, 0x000000008db00000| Complete 
| 220|0x000000008dc00000, 0x000000008dd00000, 0x000000008dd00000|100%| E|CS|TAMS 0x000000008dc00000, 0x000000008dc00000| Complete 
| 221|0x000000008dd00000, 0x000000008de00000, 0x000000008de00000|100%| E|CS|TAMS 0x000000008dd00000, 0x000000008dd00000| Complete 
| 222|0x000000008de00000, 0x000000008df00000, 0x000000008df00000|100%| E|CS|TAMS 0x000000008de00000, 0x000000008de00000| Complete 
| 223|0x000000008df00000, 0x000000008e000000, 0x000000008e000000|100%| E|CS|TAMS 0x000000008df00000, 0x000000008df00000| Complete 
| 224|0x000000008e000000, 0x000000008e100000, 0x000000008e100000|100%| E|CS|TAMS 0x000000008e000000, 0x000000008e000000| Complete 
| 225|0x000000008e100000, 0x000000008e1a8660, 0x000000008e200000| 65%| S|CS|TAMS 0x000000008e100000, 0x000000008e100000| Complete 
| 226|0x000000008e200000, 0x000000008e300000, 0x000000008e300000|100%| S|CS|TAMS 0x000000008e200000, 0x000000008e200000| Complete 
| 227|0x000000008e300000, 0x000000008e400000, 0x000000008e400000|100%| S|CS|TAMS 0x000000008e300000, 0x000000008e300000| Complete 
| 228|0x000000008e400000, 0x000000008e500000, 0x000000008e500000|100%| S|CS|TAMS 0x000000008e400000, 0x000000008e400000| Complete 
| 229|0x000000008e500000, 0x000000008e600000, 0x000000008e600000|100%| S|CS|TAMS 0x000000008e500000, 0x000000008e500000| Complete 
| 230|0x000000008e600000, 0x000000008e700000, 0x000000008e700000|100%| S|CS|TAMS 0x000000008e600000, 0x000000008e600000| Complete 
| 231|0x000000008e700000, 0x000000008e800000, 0x000000008e800000|100%| S|CS|TAMS 0x000000008e700000, 0x000000008e700000| Complete 
| 232|0x000000008e800000, 0x000000008e900000, 0x000000008e900000|100%| S|CS|TAMS 0x000000008e800000, 0x000000008e800000| Complete 
| 233|0x000000008e900000, 0x000000008ea00000, 0x000000008ea00000|100%| S|CS|TAMS 0x000000008e900000, 0x000000008e900000| Complete 
| 234|0x000000008ea00000, 0x000000008eb00000, 0x000000008eb00000|100%| S|CS|TAMS 0x000000008ea00000, 0x000000008ea00000| Complete 
| 235|0x000000008eb00000, 0x000000008ec00000, 0x000000008ec00000|100%| S|CS|TAMS 0x000000008eb00000, 0x000000008eb00000| Complete 
| 236|0x000000008ec00000, 0x000000008ed00000, 0x000000008ed00000|100%| S|CS|TAMS 0x000000008ec00000, 0x000000008ec00000| Complete 
| 237|0x000000008ed00000, 0x000000008ee00000, 0x000000008ee00000|100%| E|CS|TAMS 0x000000008ed00000, 0x000000008ed00000| Complete 
| 238|0x000000008ee00000, 0x000000008ef00000, 0x000000008ef00000|100%| E|CS|TAMS 0x000000008ee00000, 0x000000008ee00000| Complete 
| 239|0x000000008ef00000, 0x000000008f000000, 0x000000008f000000|100%| E|CS|TAMS 0x000000008ef00000, 0x000000008ef00000| Complete 
| 240|0x000000008f000000, 0x000000008f100000, 0x000000008f100000|100%| E|CS|TAMS 0x000000008f000000, 0x000000008f000000| Complete 
| 241|0x000000008f100000, 0x000000008f200000, 0x000000008f200000|100%| E|CS|TAMS 0x000000008f100000, 0x000000008f100000| Complete 
| 242|0x000000008f200000, 0x000000008f300000, 0x000000008f300000|100%| E|CS|TAMS 0x000000008f200000, 0x000000008f200000| Complete 
| 243|0x000000008f300000, 0x000000008f400000, 0x000000008f400000|100%| E|CS|TAMS 0x000000008f300000, 0x000000008f300000| Complete 
| 244|0x000000008f400000, 0x000000008f500000, 0x000000008f500000|100%| E|CS|TAMS 0x000000008f400000, 0x000000008f400000| Complete 
| 245|0x000000008f500000, 0x000000008f600000, 0x000000008f600000|100%| E|CS|TAMS 0x000000008f500000, 0x000000008f500000| Complete 
| 246|0x000000008f600000, 0x000000008f700000, 0x000000008f700000|100%| E|CS|TAMS 0x000000008f600000, 0x000000008f600000| Complete 
| 247|0x000000008f700000, 0x000000008f800000, 0x000000008f800000|100%| E|CS|TAMS 0x000000008f700000, 0x000000008f700000| Complete 
| 248|0x000000008f800000, 0x000000008f900000, 0x000000008f900000|100%| E|CS|TAMS 0x000000008f800000, 0x000000008f800000| Complete 
| 249|0x000000008f900000, 0x000000008fa00000, 0x000000008fa00000|100%| E|CS|TAMS 0x000000008f900000, 0x000000008f900000| Complete 
| 250|0x000000008fa00000, 0x000000008fb00000, 0x000000008fb00000|100%| E|CS|TAMS 0x000000008fa00000, 0x000000008fa00000| Complete 
| 251|0x000000008fb00000, 0x000000008fc00000, 0x000000008fc00000|100%| E|CS|TAMS 0x000000008fb00000, 0x000000008fb00000| Complete 
| 252|0x000000008fc00000, 0x000000008fd00000, 0x000000008fd00000|100%| E|CS|TAMS 0x000000008fc00000, 0x000000008fc00000| Complete 
| 253|0x000000008fd00000, 0x000000008fe00000, 0x000000008fe00000|100%| E|CS|TAMS 0x000000008fd00000, 0x000000008fd00000| Complete 

Card table byte_map: [0x0000019da5b70000,0x0000019da5f70000] _byte_map_base: 0x0000019da5770000

Marking Bits (Prev, Next): (CMBitMap*) 0x0000019d9294ec00, (CMBitMap*) 0x0000019d9294ebc8
 Prev Bits: [0x0000019da8370000, 0x0000019daa370000)
 Next Bits: [0x0000019da6370000, 0x0000019da8370000)

Polling page: 0x0000019d90910000

Metaspace:

Usage:
  Non-class:     57.90 MB capacity,    56.88 MB ( 98%) used,   852.98 KB (  1%) free+waste,   183.19 KB ( <1%) overhead. 
      Class:      8.96 MB capacity,     8.29 MB ( 93%) used,   594.56 KB (  6%) free+waste,    86.56 KB ( <1%) overhead. 
       Both:     66.85 MB capacity,    65.18 MB ( 97%) used,     1.41 MB (  2%) free+waste,   269.75 KB ( <1%) overhead. 

Virtual space:
  Non-class space:       58.00 MB reserved,      57.92 MB (>99%) committed 
      Class space:        1.00 GB reserved,       9.03 MB ( <1%) committed 
             Both:        1.06 GB reserved,      66.95 MB (  6%) committed 

Chunk freelists:
   Non-Class:  26.00 KB
       Class:  12.00 KB
        Both:  38.00 KB

MaxMetaspaceSize: 17179869184.00 GB
CompressedClassSpaceSize: 1.00 GB
Initial GC threshold: 20.80 MB
Current GC threshold: 98.46 MB
CDS: off

CodeHeap 'non-profiled nmethods': size=120000Kb used=3051Kb max_used=3051Kb free=116948Kb
 bounds [0x0000019d9df00000, 0x0000019d9e200000, 0x0000019da5430000]
CodeHeap 'profiled nmethods': size=120000Kb used=13896Kb max_used=13896Kb free=106104Kb
 bounds [0x0000019d969d0000, 0x0000019d97770000, 0x0000019d9df00000]
CodeHeap 'non-nmethods': size=5760Kb used=2357Kb max_used=2396Kb free=3402Kb
 bounds [0x0000019d96430000, 0x0000019d966a0000, 0x0000019d969d0000]
 total_blobs=7535 nmethods=6661 adapters=786
 compilation: enabled
              stopped_count=0, restarted_count=0
 full_count=0

Compilation events (20 events):
Event: 97.614 Thread 0x0000019dad6aa800 6773       2       jdk.internal.loader.BuiltinClassLoader::hasClassPath (13 bytes)
Event: 97.614 Thread 0x0000019dad6aa800 nmethod 6773 0x0000019d9774cc90 code [0x0000019d9774ce40, 0x0000019d9774cf58]
Event: 97.622 Thread 0x0000019dad6aa800 6774       2       org.gradle.api.internal.DefaultDomainObjectCollection$IteratorImpl::hasNext (10 bytes)
Event: 97.622 Thread 0x0000019dad6aa800 nmethod 6774 0x0000019d9774d010 code [0x0000019d9774d1c0, 0x0000019d9774d2e8]
Event: 97.623 Thread 0x0000019dad6aa800 6775       2       org.gradle.tooling.internal.provider.runner.ProjectConfigurationTracker$$Lambda$472/0x00000001005ad440::test (12 bytes)
Event: 97.623 Thread 0x0000019dad6aa800 nmethod 6775 0x0000019d9774d390 code [0x0000019d9774d540, 0x0000019d9774d6a8]
Event: 97.623 Thread 0x0000019dad6aa800 6776       2       org.gradle.tooling.internal.provider.runner.ProjectConfigurationTracker::lambda$hasNoEnclosingRunningPluginApplicationForSamePlugin$1 (9 bytes)
Event: 97.624 Thread 0x0000019dad6aa800 nmethod 6776 0x0000019d9774d790 code [0x0000019d9774d940, 0x0000019d9774da48]
Event: 97.628 Thread 0x0000019dad6aa800 6777       2       com.google.common.cache.LocalCache$LocalLoadingCache::get (9 bytes)
Event: 97.629 Thread 0x0000019dad6aa800 nmethod 6777 0x0000019d9774db10 code [0x0000019d9774dd00, 0x0000019d9774dfb8]
Event: 97.629 Thread 0x0000019dad6aa800 6778       2       com.google.common.cache.LocalCache::getOrLoad (10 bytes)
Event: 97.630 Thread 0x0000019dad6aa800 nmethod 6778 0x0000019d9774e210 code [0x0000019d9774e400, 0x0000019d9774e6b8]
Event: 97.632 Thread 0x0000019dad6aa800 6779       2       com.android.build.gradle.options.ProjectOptions$OptionValue::getValue (20 bytes)
Event: 97.633 Thread 0x0000019dad6aa800 nmethod 6779 0x0000019d9774e910 code [0x0000019d9774eac0, 0x0000019d9774ec48]
Event: 97.633 Thread 0x0000019dad6aa800 6780   !   2       org.gradle.api.internal.provider.DefaultProvider::calculateOwnValue (19 bytes)
Event: 97.633 Thread 0x0000019dad6aa800 nmethod 6780 0x0000019d9774ed10 code [0x0000019d9774eee0, 0x0000019d9774f118]
Event: 97.633 Thread 0x0000019dad6aa800 6781       2       java.lang.String::replace (149 bytes)
Event: 97.635 Thread 0x0000019dad6aa800 nmethod 6781 0x0000019d9774f290 code [0x0000019d9774f4e0, 0x0000019d9774fb88]
Event: 97.635 Thread 0x0000019dad6aa800 6782       2       java.lang.ClassLoader::getResource (41 bytes)
Event: 97.636 Thread 0x0000019dad6aa800 nmethod 6782 0x0000019d97750110 code [0x0000019d97750300, 0x0000019d97750558]

GC Heap History (14 events):
Event: 29.330 GC heap before
{Heap before GC invocations=0 (full 0):
 garbage-first heap   total 260096K, used 29696K [0x0000000080000000, 0x0000000100000000)
  region size 1024K, 24 young (24576K), 0 survivors (0K)
 Metaspace       used 10119K, capacity 10341K, committed 10624K, reserved 1058816K
  class space    used 1032K, capacity 1108K, committed 1152K, reserved 1048576K
}
Event: 29.346 GC heap after
{Heap after GC invocations=1 (full 0):
 garbage-first heap   total 260096K, used 9383K [0x0000000080000000, 0x0000000100000000)
  region size 1024K, 3 young (3072K), 3 survivors (3072K)
 Metaspace       used 10119K, capacity 10341K, committed 10624K, reserved 1058816K
  class space    used 1032K, capacity 1108K, committed 1152K, reserved 1048576K
}
Event: 63.752 GC heap before
{Heap before GC invocations=1 (full 0):
 garbage-first heap   total 260096K, used 108711K [0x0000000080000000, 0x0000000100000000)
  region size 1024K, 100 young (102400K), 3 survivors (3072K)
 Metaspace       used 20788K, capacity 21195K, committed 21296K, reserved 1069056K
  class space    used 2526K, capacity 2685K, committed 2688K, reserved 1048576K
}
Event: 63.770 GC heap after
{Heap after GC invocations=2 (full 0):
 garbage-first heap   total 260096K, used 16876K [0x0000000080000000, 0x0000000100000000)
  region size 1024K, 11 young (11264K), 11 survivors (11264K)
 Metaspace       used 20788K, capacity 21195K, committed 21296K, reserved 1069056K
  class space    used 2526K, capacity 2685K, committed 2688K, reserved 1048576K
}
Event: 64.417 GC heap before
{Heap before GC invocations=3 (full 0):
 garbage-first heap   total 260096K, used 43500K [0x0000000080000000, 0x0000000100000000)
  region size 1024K, 38 young (38912K), 11 survivors (11264K)
 Metaspace       used 23502K, capacity 24055K, committed 24112K, reserved 1071104K
  class space    used 2965K, capacity 3175K, committed 3200K, reserved 1048576K
}
Event: 64.427 GC heap after
{Heap after GC invocations=4 (full 0):
 garbage-first heap   total 260096K, used 17954K [0x0000000080000000, 0x0000000100000000)
  region size 1024K, 2 young (2048K), 2 survivors (2048K)
 Metaspace       used 23502K, capacity 24055K, committed 24112K, reserved 1071104K
  class space    used 2965K, capacity 3175K, committed 3200K, reserved 1048576K
}
Event: 67.602 GC heap before
{Heap before GC invocations=4 (full 0):
 garbage-first heap   total 260096K, used 116258K [0x0000000080000000, 0x0000000100000000)
  region size 1024K, 99 young (101376K), 2 survivors (2048K)
 Metaspace       used 34869K, capacity 35731K, committed 35888K, reserved 1081344K
  class space    used 4557K, capacity 4887K, committed 4992K, reserved 1048576K
}
Event: 67.620 GC heap after
{Heap after GC invocations=5 (full 0):
 garbage-first heap   total 260096K, used 22299K [0x0000000080000000, 0x0000000100000000)
  region size 1024K, 6 young (6144K), 6 survivors (6144K)
 Metaspace       used 34869K, capacity 35731K, committed 35888K, reserved 1081344K
  class space    used 4557K, capacity 4887K, committed 4992K, reserved 1048576K
}
Event: 71.070 GC heap before
{Heap before GC invocations=6 (full 0):
 garbage-first heap   total 260096K, used 148251K [0x0000000080000000, 0x0000000100000000)
  region size 1024K, 125 young (128000K), 6 survivors (6144K)
 Metaspace       used 45803K, capacity 46912K, committed 47152K, reserved 1089536K
  class space    used 5819K, capacity 6230K, committed 6272K, reserved 1048576K
}
Event: 71.090 GC heap after
{Heap after GC invocations=7 (full 0):
 garbage-first heap   total 260096K, used 30581K [0x0000000080000000, 0x0000000100000000)
  region size 1024K, 14 young (14336K), 14 survivors (14336K)
 Metaspace       used 45803K, capacity 46912K, committed 47152K, reserved 1089536K
  class space    used 5819K, capacity 6230K, committed 6272K, reserved 1048576K
}
Event: 92.910 GC heap before
{Heap before GC invocations=7 (full 0):
 garbage-first heap   total 260096K, used 170869K [0x0000000080000000, 0x0000000100000000)
  region size 1024K, 149 young (152576K), 14 survivors (14336K)
 Metaspace       used 56143K, capacity 57665K, committed 57776K, reserved 1099776K
  class space    used 7070K, capacity 7617K, committed 7680K, reserved 1048576K
}
Event: 92.936 GC heap after
{Heap after GC invocations=8 (full 0):
 garbage-first heap   total 260096K, used 41840K [0x0000000080000000, 0x0000000100000000)
  region size 1024K, 18 young (18432K), 18 survivors (18432K)
 Metaspace       used 56143K, capacity 57665K, committed 57776K, reserved 1099776K
  class space    used 7070K, capacity 7617K, committed 7680K, reserved 1048576K
}
Event: 93.856 GC heap before
{Heap before GC invocations=8 (full 0):
 garbage-first heap   total 260096K, used 58224K [0x0000000080000000, 0x0000000100000000)
  region size 1024K, 35 young (35840K), 18 survivors (18432K)
 Metaspace       used 58555K, capacity 60213K, committed 60240K, reserved 1101824K
  class space    used 7426K, capacity 8069K, committed 8096K, reserved 1048576K
}
Event: 93.894 GC heap after
{Heap after GC invocations=9 (full 0):
 garbage-first heap   total 260096K, used 44054K [0x0000000080000000, 0x0000000100000000)
  region size 1024K, 12 young (12288K), 12 survivors (12288K)
 Metaspace       used 58555K, capacity 60213K, committed 60240K, reserved 1101824K
  class space    used 7426K, capacity 8069K, committed 8096K, reserved 1048576K
}

Deoptimization events (20 events):
Event: 96.611 Thread 0x0000019daf0de000 Uncommon trap: trap_request=0xffffff4d fr.pc=0x0000019d9e147304 relative=0x0000000000000624
Event: 96.611 Thread 0x0000019daf0de000 Uncommon trap: reason=unstable_if action=reinterpret pc=0x0000019d9e147304 method=java.lang.AbstractStringBuilder.appendChars(Ljava/lang/CharSequence;II)V @ 43 c2
Event: 96.611 Thread 0x0000019daf0de000 DEOPT PACKING pc=0x0000019d9e147304 sp=0x0000000b3d3f6670
Event: 96.611 Thread 0x0000019daf0de000 DEOPT UNPACKING pc=0x0000019d9647a1af sp=0x0000000b3d3f65a0 mode 2
Event: 96.612 Thread 0x0000019daf0de000 Uncommon trap: trap_request=0xffffff4d fr.pc=0x0000019d9df31fb4 relative=0x00000000000001f4
Event: 96.612 Thread 0x0000019daf0de000 Uncommon trap: reason=unstable_if action=reinterpret pc=0x0000019d9df31fb4 method=java.lang.AbstractStringBuilder.isLatin1()Z @ 10 c2
Event: 96.612 Thread 0x0000019daf0de000 DEOPT PACKING pc=0x0000019d9df31fb4 sp=0x0000000b3d3f65f0
Event: 96.612 Thread 0x0000019daf0de000 DEOPT UNPACKING pc=0x0000019d9647a1af sp=0x0000000b3d3f6530 mode 2
Event: 96.840 Thread 0x0000019daf0de000 Uncommon trap: trap_request=0xffffff4d fr.pc=0x0000019d9e16ab0c relative=0x0000000000000bcc
Event: 96.840 Thread 0x0000019daf0de000 Uncommon trap: reason=unstable_if action=reinterpret pc=0x0000019d9e16ab0c method=java.lang.ClassLoader.loadClass(Ljava/lang/String;Z)Ljava/lang/Class; @ 29 c2
Event: 96.840 Thread 0x0000019daf0de000 DEOPT PACKING pc=0x0000019d9e16ab0c sp=0x0000000b3d3f6b40
Event: 96.840 Thread 0x0000019daf0de000 DEOPT UNPACKING pc=0x0000019d9647a1af sp=0x0000000b3d3f6b08 mode 2
Event: 96.954 Thread 0x0000019daf0de000 Uncommon trap: trap_request=0xffffff4d fr.pc=0x0000019d9e08e880 relative=0x0000000000000340
Event: 96.954 Thread 0x0000019daf0de000 Uncommon trap: reason=unstable_if action=reinterpret pc=0x0000019d9e08e880 method=java.util.StringJoiner.add(Ljava/lang/CharSequence;)Ljava/util/StringJoiner; @ 33 c2
Event: 96.954 Thread 0x0000019daf0de000 DEOPT PACKING pc=0x0000019d9e08e880 sp=0x0000000b3d3f5740
Event: 96.954 Thread 0x0000019daf0de000 DEOPT UNPACKING pc=0x0000019d9647a1af sp=0x0000000b3d3f56f0 mode 2
Event: 97.422 Thread 0x0000019daf0de000 Uncommon trap: trap_request=0xffffff4d fr.pc=0x0000019d9e1e9de0 relative=0x0000000000004a80
Event: 97.422 Thread 0x0000019daf0de000 Uncommon trap: reason=unstable_if action=reinterpret pc=0x0000019d9e1e9de0 method=org.codehaus.groovy.runtime.metaclass.MetaMethodIndex.isOverridden(Lgroovy/lang/MetaMethod;Lgroovy/lang/MetaMethod;)Z @ 33 c2
Event: 97.422 Thread 0x0000019daf0de000 DEOPT PACKING pc=0x0000019d9e1e9de0 sp=0x0000000b3d3f4550
Event: 97.422 Thread 0x0000019daf0de000 DEOPT UNPACKING pc=0x0000019d9647a1af sp=0x0000000b3d3f4528 mode 2

Classes redefined (0 events):
No events

Internal exceptions (20 events):
Event: 97.467 Thread 0x0000019daf0de000 Exception <a 'java/lang/ClassNotFoundException'{0x000000008776e848}: com/android/build/gradle/internal/dsl/BuildType$AgpDecoratedCustomizer> (0x000000008776e848) thrown at [src/hotspot/share/classfile/systemDictionary.cpp, line 230]
Event: 97.481 Thread 0x0000019daf0de000 Exception <a 'java/lang/ClassNotFoundException'{0x00000000877d15d8}: com/android/build/gradle/internal/dsl/BuildType$AgpDecorated_DecoratedCustomizer> (0x00000000877d15d8) thrown at [src/hotspot/share/classfile/systemDictionary.cpp, line 230]
Event: 97.499 Thread 0x0000019daf0de000 Exception <a 'java/lang/ClassNotFoundException'{0x00000000876b1ce0}: build_4h9azkqeorcfdvdk5vo9fqepy$_run_closure1$_closure4BeanInfo> (0x00000000876b1ce0) thrown at [src/hotspot/share/classfile/systemDictionary.cpp, line 230]
Event: 97.501 Thread 0x0000019daf0de000 Exception <a 'java/lang/ClassNotFoundException'{0x00000000876c4438}: build_4h9azkqeorcfdvdk5vo9fqepy$_run_closure1$_closure4Customizer> (0x00000000876c4438) thrown at [src/hotspot/share/classfile/systemDictionary.cpp, line 230]
Event: 97.509 Thread 0x0000019daf0de000 Exception <a 'java/lang/ClassNotFoundException'{0x00000000876f59b0}: build_4h9azkqeorcfdvdk5vo9fqepy$_run_closure1BeanInfo> (0x00000000876f59b0) thrown at [src/hotspot/share/classfile/systemDictionary.cpp, line 230]
Event: 97.510 Thread 0x0000019daf0de000 Exception <a 'java/lang/ClassNotFoundException'{0x0000000087508a98}: build_4h9azkqeorcfdvdk5vo9fqepy$_run_closure1Customizer> (0x0000000087508a98) thrown at [src/hotspot/share/classfile/systemDictionary.cpp, line 230]
Event: 97.521 Thread 0x0000019daf0de000 Exception <a 'java/lang/ClassNotFoundException'{0x000000008756faf8}: org/gradle/api/JavaVersionBeanInfo> (0x000000008756faf8) thrown at [src/hotspot/share/classfile/systemDictionary.cpp, line 230]
Event: 97.523 Thread 0x0000019daf0de000 Exception <a 'java/lang/ClassNotFoundException'{0x00000000875a0568}: org/gradle/api/JavaVersionCustomizer> (0x00000000875a0568) thrown at [src/hotspot/share/classfile/systemDictionary.cpp, line 230]
Event: 97.530 Thread 0x0000019daf0de000 Exception <a 'java/lang/ClassNotFoundException'{0x00000000874113a0}: com/android/build/gradle/internal/CompileOptions$AgpDecorated_DecoratedBeanInfo> (0x00000000874113a0) thrown at [src/hotspot/share/classfile/systemDictionary.cpp, line 230]
Event: 97.531 Thread 0x0000019daf0de000 Exception <a 'java/lang/ClassNotFoundException'{0x000000008742fe20}: com/android/build/gradle/internal/CompileOptions$AgpDecoratedBeanInfo> (0x000000008742fe20) thrown at [src/hotspot/share/classfile/systemDictionary.cpp, line 230]
Event: 97.533 Thread 0x0000019daf0de000 Exception <a 'java/lang/ClassNotFoundException'{0x000000008744c268}: com/android/build/gradle/internal/CompileOptionsBeanInfo> (0x000000008744c268) thrown at [src/hotspot/share/classfile/systemDictionary.cpp, line 230]
Event: 97.534 Thread 0x0000019daf0de000 Exception <a 'java/lang/ClassNotFoundException'{0x0000000087468e98}: com/android/build/gradle/internal/CompileOptionsCustomizer> (0x0000000087468e98) thrown at [src/hotspot/share/classfile/systemDictionary.cpp, line 230]
Event: 97.536 Thread 0x0000019daf0de000 Exception <a 'java/lang/ClassNotFoundException'{0x0000000087493ff0}: com/android/build/gradle/internal/CompileOptions$AgpDecoratedCustomizer> (0x0000000087493ff0) thrown at [src/hotspot/share/classfile/systemDictionary.cpp, line 230]
Event: 97.538 Thread 0x0000019daf0de000 Exception <a 'java/lang/ClassNotFoundException'{0x00000000874c27c8}: com/android/build/gradle/internal/CompileOptions$AgpDecorated_DecoratedCustomizer> (0x00000000874c27c8) thrown at [src/hotspot/share/classfile/systemDictionary.cpp, line 230]
Event: 97.551 Thread 0x0000019daf0de000 Exception <a 'java/lang/ClassNotFoundException'{0x00000000873709e0}: com/android/build/gradle/internal/dsl/ApplicationBuildFeaturesImpl_DecoratedBeanInfo> (0x00000000873709e0) thrown at [src/hotspot/share/classfile/systemDictionary.cpp, line 230]
Event: 97.552 Thread 0x0000019daf0de000 Exception <a 'java/lang/ClassNotFoundException'{0x0000000087390340}: com/android/build/gradle/internal/dsl/ApplicationBuildFeaturesImplBeanInfo> (0x0000000087390340) thrown at [src/hotspot/share/classfile/systemDictionary.cpp, line 230]
Event: 97.553 Thread 0x0000019daf0de000 Exception <a 'java/lang/ClassNotFoundException'{0x00000000873adcd0}: com/android/build/gradle/internal/dsl/BuildFeaturesImplBeanInfo> (0x00000000873adcd0) thrown at [src/hotspot/share/classfile/systemDictionary.cpp, line 230]
Event: 97.556 Thread 0x0000019daf0de000 Exception <a 'java/lang/ClassNotFoundException'{0x00000000873cb698}: com/android/build/gradle/internal/dsl/BuildFeaturesImplCustomizer> (0x00000000873cb698) thrown at [src/hotspot/share/classfile/systemDictionary.cpp, line 230]
Event: 97.558 Thread 0x0000019daf0de000 Exception <a 'java/lang/ClassNotFoundException'{0x00000000873f65e0}: com/android/build/gradle/internal/dsl/ApplicationBuildFeaturesImplCustomizer> (0x00000000873f65e0) thrown at [src/hotspot/share/classfile/systemDictionary.cpp, line 230]
Event: 97.560 Thread 0x0000019daf0de000 Exception <a 'java/lang/ClassNotFoundException'{0x000000008721dfc8}: com/android/build/gradle/internal/dsl/ApplicationBuildFeaturesImpl_DecoratedCustomizer> (0x000000008721dfc8) thrown at [src/hotspot/share/classfile/systemDictionary.cpp, line 230]

Events (20 events):
Event: 97.646 loading class com/android/build/gradle/internal/core/dsl/impl/DslInfoBuilder$Companion
Event: 97.646 loading class com/android/build/gradle/internal/core/dsl/impl/DslInfoBuilder$Companion done
Event: 97.647 loading class com/android/build/gradle/internal/VariantManager$createVariant$variantDslInfoBuilder$1
Event: 97.647 loading class com/android/build/gradle/internal/VariantManager$createVariant$variantDslInfoBuilder$1 done
Event: 97.648 Executing VM operation: Deoptimize
Event: 97.650 Executing VM operation: Deoptimize done
Event: 97.650 loading class com/android/build/gradle/internal/VariantManager$getLazyManifestParser$1
Event: 97.650 loading class com/android/build/gradle/internal/VariantManager$getLazyManifestParser$1 done
Event: 97.652 loading class com/android/build/gradle/internal/manifest/LazyManifestParser
Event: 97.652 loading class com/android/build/gradle/internal/manifest/LazyManifestParser done
Event: 97.653 loading class com/android/build/gradle/internal/manifest/ManifestDataProvider
Event: 97.653 loading class com/android/build/gradle/internal/manifest/ManifestDataProvider done
Event: 97.654 loading class com/android/build/gradle/internal/manifest/LazyManifestParser$manifestData$2
Event: 97.654 loading class com/android/build/gradle/internal/manifest/LazyManifestParser$manifestData$2 done
Event: 97.655 loading class com/android/build/api/component/impl/ComponentIdentityImpl
Event: 97.655 loading class com/android/build/api/component/impl/ComponentIdentityImpl done
Event: 97.657 loading class com/android/build/gradle/internal/core/dsl/impl/DslInfoBuilder$computeNames$1
Event: 97.657 loading class com/android/build/gradle/internal/core/dsl/impl/DslInfoBuilder$computeNames$1 done
Event: 97.659 loading class com/android/build/gradle/internal/core/dsl/impl/DslInfoUtilsKt
Event: 97.659 loading class com/android/build/gradle/internal/core/dsl/impl/DslInfoUtilsKt done


Dynamic libraries:
0x00007ff70edf0000 - 0x00007ff70edfa000 	D:\Program Files\Android\Android Studio\jbr\bin\java.exe
0x00007ffecb7a0000 - 0x00007ffecb9a9000 	C:\WINDOWS\SYSTEM32\ntdll.dll
0x00007ffe802d0000 - 0x00007ffe802e9000 	C:\Program Files\AVAST Software\Avast\aswhook.dll
0x00007ffeca530000 - 0x00007ffeca5ee000 	C:\WINDOWS\System32\KERNEL32.DLL
0x00007ffec8f20000 - 0x00007ffec929c000 	C:\WINDOWS\System32\KERNELBASE.dll
0x00007ffec9410000 - 0x00007ffec9521000 	C:\WINDOWS\System32\ucrtbase.dll
0x00007ffeaa6c0000 - 0x00007ffeaa6d7000 	D:\Program Files\Android\Android Studio\jbr\bin\jli.dll
0x00007ffeaaec0000 - 0x00007ffeaaedb000 	D:\Program Files\Android\Android Studio\jbr\bin\VCRUNTIME140.dll
0x00007ffec96a0000 - 0x00007ffec984d000 	C:\WINDOWS\System32\USER32.dll
0x00007ffec95f0000 - 0x00007ffec9616000 	C:\WINDOWS\System32\win32u.dll
0x00007ffeca500000 - 0x00007ffeca529000 	C:\WINDOWS\System32\GDI32.dll
0x00007ffead0d0000 - 0x00007ffead375000 	C:\WINDOWS\WinSxS\amd64_microsoft.windows.common-controls_6595b64144ccf1df_6.0.22000.120_none_9d947278b86cc467\COMCTL32.dll
0x00007ffec8d60000 - 0x00007ffec8e78000 	C:\WINDOWS\System32\gdi32full.dll
0x00007ffeca440000 - 0x00007ffeca4e3000 	C:\WINDOWS\System32\msvcrt.dll
0x00007ffec8e80000 - 0x00007ffec8f1d000 	C:\WINDOWS\System32\msvcp_win.dll
0x00007ffecb700000 - 0x00007ffecb731000 	C:\WINDOWS\System32\IMM32.DLL
0x00007ffead5a0000 - 0x00007ffead5ac000 	D:\Program Files\Android\Android Studio\jbr\bin\vcruntime140_1.dll
0x00007ffe91f30000 - 0x00007ffe91fbd000 	D:\Program Files\Android\Android Studio\jbr\bin\msvcp140.dll
0x00007ffe70980000 - 0x00007ffe7153c000 	D:\Program Files\Android\Android Studio\jbr\bin\server\jvm.dll
0x00007ffeca7f0000 - 0x00007ffeca89e000 	C:\WINDOWS\System32\ADVAPI32.dll
0x00007ffecb660000 - 0x00007ffecb6fe000 	C:\WINDOWS\System32\sechost.dll
0x00007ffec9850000 - 0x00007ffec9970000 	C:\WINDOWS\System32\RPCRT4.dll
0x00007ffec9cb0000 - 0x00007ffec9cb8000 	C:\WINDOWS\System32\PSAPI.DLL
0x00007ffeb2ee0000 - 0x00007ffeb2ee9000 	C:\WINDOWS\SYSTEM32\WSOCK32.dll
0x00007ffebdb80000 - 0x00007ffebdb8a000 	C:\WINDOWS\SYSTEM32\VERSION.dll
0x00007ffebf7b0000 - 0x00007ffebf7e3000 	C:\WINDOWS\SYSTEM32\WINMM.dll
0x00007ffecb270000 - 0x00007ffecb2df000 	C:\WINDOWS\System32\WS2_32.dll
0x00007ffec7cf0000 - 0x00007ffec7d08000 	C:\WINDOWS\SYSTEM32\kernel.appcore.dll
0x00007ffec1760000 - 0x00007ffec1770000 	D:\Program Files\Android\Android Studio\jbr\bin\verify.dll
0x00007ffec36c0000 - 0x00007ffec38e1000 	C:\WINDOWS\SYSTEM32\DBGHELP.DLL
0x00007ffeba520000 - 0x00007ffeba551000 	C:\WINDOWS\SYSTEM32\dbgcore.DLL
0x00007ffec8ce0000 - 0x00007ffec8d5f000 	C:\WINDOWS\System32\bcryptPrimitives.dll
0x00007ffeb0940000 - 0x00007ffeb0968000 	D:\Program Files\Android\Android Studio\jbr\bin\java.dll
0x00007ffeb4e50000 - 0x00007ffeb4e5a000 	D:\Program Files\Android\Android Studio\jbr\bin\jimage.dll
0x00007ffeb1b60000 - 0x00007ffeb1b78000 	D:\Program Files\Android\Android Studio\jbr\bin\zip.dll
0x00007ffeca9d0000 - 0x00007ffecb195000 	C:\WINDOWS\System32\SHELL32.dll
0x00007ffec6d30000 - 0x00007ffec7595000 	C:\WINDOWS\SYSTEM32\windows.storage.dll
0x00007ffecb2e0000 - 0x00007ffecb656000 	C:\WINDOWS\System32\combase.dll
0x00007ffec6bc0000 - 0x00007ffec6d26000 	C:\WINDOWS\SYSTEM32\wintypes.dll
0x00007ffeca350000 - 0x00007ffeca43a000 	C:\WINDOWS\System32\SHCORE.dll
0x00007ffeca790000 - 0x00007ffeca7ed000 	C:\WINDOWS\System32\shlwapi.dll
0x00007ffec8ba0000 - 0x00007ffec8bc1000 	C:\WINDOWS\SYSTEM32\profapi.dll
0x00007ffeb08e0000 - 0x00007ffeb08f9000 	D:\Program Files\Android\Android Studio\jbr\bin\net.dll
0x00007ffebd920000 - 0x00007ffebda32000 	C:\WINDOWS\SYSTEM32\WINHTTP.dll
0x00007ffec8200000 - 0x00007ffec8267000 	C:\WINDOWS\system32\mswsock.dll
0x00007ffead550000 - 0x00007ffead563000 	D:\Program Files\Android\Android Studio\jbr\bin\nio.dll
0x00007ffea5ff0000 - 0x00007ffea6017000 	C:\Users\sowmi\.gradle\native\e1d6ef7f7dcc3fd88c89a11ec53ec762bb8ba0a96d01ffa2cd45eb1d1d8dd5c5\windows-amd64\native-platform.dll
0x00007ffe83db0000 - 0x00007ffe83ef4000 	C:\Users\sowmi\.gradle\native\0d407fdbe67a94daf76414ababcb853783967236a71b16ec16e742cd7a986fd3\windows-amd64\native-platform-file-events.dll
0x00007ffeb4e00000 - 0x00007ffeb4e0a000 	D:\Program Files\Android\Android Studio\jbr\bin\management.dll
0x00007ffeb4d30000 - 0x00007ffeb4d3b000 	D:\Program Files\Android\Android Studio\jbr\bin\management_ext.dll
0x00007ffec84d0000 - 0x00007ffec84e8000 	C:\WINDOWS\SYSTEM32\CRYPTSP.dll
0x00007ffec7c50000 - 0x00007ffec7c85000 	C:\WINDOWS\system32\rsaenh.dll
0x00007ffec8370000 - 0x00007ffec8399000 	C:\WINDOWS\SYSTEM32\USERENV.dll
0x00007ffec8650000 - 0x00007ffec8677000 	C:\WINDOWS\SYSTEM32\bcrypt.dll
0x00007ffec84c0000 - 0x00007ffec84cc000 	C:\WINDOWS\SYSTEM32\CRYPTBASE.dll
0x00007ffec77f0000 - 0x00007ffec781d000 	C:\WINDOWS\SYSTEM32\IPHLPAPI.DLL
0x00007ffeca8a0000 - 0x00007ffeca8a9000 	C:\WINDOWS\System32\NSI.dll
0x00007ffebe3c0000 - 0x00007ffebe3d9000 	C:\WINDOWS\SYSTEM32\dhcpcsvc6.DLL
0x00007ffebe690000 - 0x00007ffebe6ae000 	C:\WINDOWS\SYSTEM32\dhcpcsvc.DLL
0x00007ffec7820000 - 0x00007ffec7908000 	C:\WINDOWS\SYSTEM32\DNSAPI.dll

dbghelp: loaded successfully - version: 4.0.5 - missing functions: none
symbol engine: initialized successfully - sym options: 0x614 - pdb path: .;D:\Program Files\Android\Android Studio\jbr\bin;C:\WINDOWS\SYSTEM32;C:\Program Files\AVAST Software\Avast;C:\WINDOWS\WinSxS\amd64_microsoft.windows.common-controls_6595b64144ccf1df_6.0.22000.120_none_9d947278b86cc467;D:\Program Files\Android\Android Studio\jbr\bin\server;C:\Users\sowmi\.gradle\native\e1d6ef7f7dcc3fd88c89a11ec53ec762bb8ba0a96d01ffa2cd45eb1d1d8dd5c5\windows-amd64;C:\Users\sowmi\.gradle\native\0d407fdbe67a94daf76414ababcb853783967236a71b16ec16e742cd7a986fd3\windows-amd64

VM Arguments:
jvm_args: --add-opens=java.base/java.util=ALL-UNNAMED --add-opens=java.base/java.lang=ALL-UNNAMED --add-opens=java.base/java.lang.invoke=ALL-UNNAMED --add-opens=java.base/java.util=ALL-UNNAMED --add-opens=java.prefs/java.util.prefs=ALL-UNNAMED --add-opens=java.prefs/java.util.prefs=ALL-UNNAMED --add-opens=java.base/java.nio.charset=ALL-UNNAMED --add-opens=java.base/java.net=ALL-UNNAMED --add-opens=java.base/java.util.concurrent.atomic=ALL-UNNAMED -Xmx2048m -Dfile.encoding=UTF-8 -Duser.country=BE -Duser.language=fr -Duser.variant 
java_command: org.gradle.launcher.daemon.bootstrap.GradleDaemon 7.5
java_class_path (initial): C:\Users\sowmi\.gradle\wrapper\dists\gradle-7.5-bin\f1w0cc9nuo0eivz97x2xlu9sv\gradle-7.5\lib\gradle-launcher-7.5.jar
Launcher Type: SUN_STANDARD

[Global flags]
     intx CICompilerCount                          = 4                                         {product} {ergonomic}
     uint ConcGCThreads                            = 2                                         {product} {ergonomic}
     uint G1ConcRefinementThreads                  = 8                                         {product} {ergonomic}
   size_t G1HeapRegionSize                         = 1048576                                   {product} {ergonomic}
    uintx GCDrainStackTargetSize                   = 64                                        {product} {ergonomic}
   size_t InitialHeapSize                          = 266338304                                 {product} {ergonomic}
   size_t MarkStackSize                            = 4194304                                   {product} {ergonomic}
   size_t MaxHeapSize                              = 2147483648                                {product} {command line}
   size_t MaxNewSize                               = 1287651328                                {product} {ergonomic}
   size_t MinHeapDeltaBytes                        = 1048576                                   {product} {ergonomic}
    uintx NonNMethodCodeHeapSize                   = 5836300                                {pd product} {ergonomic}
    uintx NonProfiledCodeHeapSize                  = 122910970                              {pd product} {ergonomic}
    uintx ProfiledCodeHeapSize                     = 122910970                              {pd product} {ergonomic}
    uintx ReservedCodeCacheSize                    = 251658240                              {pd product} {ergonomic}
     bool SegmentedCodeCache                       = true                                      {product} {ergonomic}
     bool UseCompressedClassPointers               = true                                 {lp64_product} {ergonomic}
     bool UseCompressedOops                        = true                                 {lp64_product} {ergonomic}
     bool UseG1GC                                  = true                                      {product} {ergonomic}
     bool UseLargePagesIndividualAllocation        = false                                  {pd product} {ergonomic}

Logging:
Log output configuration:
 #0: stdout all=warning uptime,level,tags
 #1: stderr all=off uptime,level,tags

Environment Variables:
PATH=C:\Program Files\Microsoft\jdk-11.0.12.7-hotspot\bin;C:\Program Files (x86)\Common Files\Oracle\Java\javapath;C:\Windows\system32;C:\Windows;C:\Windows\System32\Wbem;C:\Windows\System32\WindowsPowerShell\v1.0\;C:\Windows\System32\OpenSSH\;C:\Program Files (x86)\NVIDIA Corporation\PhysX\Common;C:\Program Files\Intel\WiFi\bin\;C:\Program Files\Common Files\Intel\WirelessCommon\;C:\WINDOWS\system32;C:\WINDOWS;C:\WINDOWS\System32\Wbem;C:\WINDOWS\System32\WindowsPowerShell\v1.0\;C:\WINDOWS\System32\OpenSSH\;C:\Program Files (x86)\GtkSharp\2.12\bin;C:\Program Files\Microsoft SQL Server\150\Tools\Binn\;C:\Program Files\nodejs\;C:\ProgramData\chocolatey\bin;C:\Program Files\dotnet\;C:\WINDOWS\system32;C:\WINDOWS;C:\WINDOWS\System32\Wbem;C:\WINDOWS\System32\WindowsPowerShell\v1.0\;C:\WINDOWS\System32\OpenSSH\;C:\Program Files\Git\cmd;C:\Users\sowmi\AppData\Local\Microsoft\WindowsApps;C:\Program Files\nodejs;C:\Program Files\nodejs\node_modules\npm\bin;C:\Users\sowmi\OneDrive\Bureau\destreamer-dev;C:\MinGW\bin;C:\Users\sowmi\.dotnet\tools;C:\Users\sowmi\AppData\Local\Programs\Microsoft VS Code\bin;C:\Users\sowmi\AppData\Local\GitHubDesktop\bin;C:\Users\sowmi\AppData\Roaming\npm;C:\Users\sowmi\AppData\Local\Android\Sdk\platform-tools;D:\Users\sowmi\AppData\Local\Android\Sdk\platform-tools;
USERNAME=sowmi
OS=Windows_NT
PROCESSOR_IDENTIFIER=Intel64 Family 6 Model 142 Stepping 11, GenuineIntel



---------------  S Y S T E M  ---------------

OS: Windows 11 , 64 bit Build 22000 (10.0.22000.1516)
OS uptime: 5 days 8:42 hours

CPU:total 8 (initial active 8) (4 cores per cpu, 2 threads per core) family 6 model 142 stepping 11 microcode 0xde, cmov, cx8, fxsr, mmx, sse, sse2, sse3, ssse3, sse4.1, sse4.2, popcnt, avx, avx2, aes, clmul, erms, 3dnowpref, lzcnt, ht, tsc, tscinvbit, bmi1, bmi2, adx, fma

Memory: 4k page, system-wide physical 16235M (309M free)
TotalPageFile size 31357M (AvailPageFile size 12M)
current process WorkingSet (physical memory assigned to process): 402M, peak: 402M
current process commit charge ("private bytes"): 496M, peak: 497M

vm_info: OpenJDK 64-Bit Server VM (11.0.15+0-b2043.56-9505619) for windows-amd64 JRE (11.0.15+0-b2043.56-9505619), built on Jan 19 2023 02:48:00 by "builduser" with unknown MS VC++:1929

END.
